[2020-07-21 10:48:35] production.ERROR: PDOException: SQLSTATE[42S02]: Base table or view not found: 1146 Table 'bbs.discussions' doesn't exist in D:\phpstudy_pro\WWW\bbs\vendor\doctrine\dbal\lib\Doctrine\DBAL\Driver\PDOConnection.php:64
Stack trace:
#0 D:\phpstudy_pro\WWW\bbs\vendor\doctrine\dbal\lib\Doctrine\DBAL\Driver\PDOConnection.php(64): PDO->prepare('select * from `...', Array)
#1 D:\phpstudy_pro\WWW\bbs\vendor\illuminate\database\Connection.php(326): Doctrine\DBAL\Driver\PDOConnection->prepare('select * from `...')
#2 D:\phpstudy_pro\WWW\bbs\vendor\illuminate\database\Connection.php(657): Illuminate\Database\Connection->Illuminate\Database\{closure}('select * from `...', Array)
#3 D:\phpstudy_pro\WWW\bbs\vendor\illuminate\database\Connection.php(624): Illuminate\Database\Connection->runQueryCallback('select * from `...', Array, Object(Closure))
#4 D:\phpstudy_pro\WWW\bbs\vendor\illuminate\database\Connection.php(333): Illuminate\Database\Connection->run('select * from `...', Array, Object(Closure))
#5 D:\phpstudy_pro\WWW\bbs\vendor\illuminate\database\Query\Builder.php(2095): Illuminate\Database\Connection->select('select * from `...', Array, true)
#6 D:\phpstudy_pro\WWW\bbs\vendor\illuminate\database\Query\Builder.php(2083): Illuminate\Database\Query\Builder->runSelect()
#7 D:\phpstudy_pro\WWW\bbs\vendor\illuminate\database\Query\Builder.php(2569): Illuminate\Database\Query\Builder->Illuminate\Database\Query\{closure}()
#8 D:\phpstudy_pro\WWW\bbs\vendor\illuminate\database\Query\Builder.php(2084): Illuminate\Database\Query\Builder->onceWithColumns(Array, Object(Closure))
#9 D:\phpstudy_pro\WWW\bbs\vendor\illuminate\database\Eloquent\Builder.php(519): Illuminate\Database\Query\Builder->get(Array)
#10 D:\phpstudy_pro\WWW\bbs\vendor\illuminate\database\Eloquent\Builder.php(503): Illuminate\Database\Eloquent\Builder->getModels(Array)
#11 D:\phpstudy_pro\WWW\bbs\vendor\illuminate\database\Eloquent\Relations\Relation.php(155): Illuminate\Database\Eloquent\Builder->get(Array)
#12 D:\phpstudy_pro\WWW\bbs\vendor\illuminate\database\Eloquent\Relations\Relation.php(144): Illuminate\Database\Eloquent\Relations\Relation->get()
#13 D:\phpstudy_pro\WWW\bbs\vendor\illuminate\database\Eloquent\Builder.php(567): Illuminate\Database\Eloquent\Relations\Relation->getEager()
#14 D:\phpstudy_pro\WWW\bbs\vendor\illuminate\database\Eloquent\Builder.php(536): Illuminate\Database\Eloquent\Builder->eagerLoadRelation(Array, 'lastPostedDiscu...', Object(Closure))
#15 D:\phpstudy_pro\WWW\bbs\vendor\illuminate\database\Eloquent\Builder.php(504): Illuminate\Database\Eloquent\Builder->eagerLoadRelations(Array)
#16 D:\phpstudy_pro\WWW\bbs\vendor\flarum\tags\src\Listener\AddForumTagsRelationship.php(56): Illuminate\Database\Eloquent\Builder->get()
#17 D:\phpstudy_pro\WWW\bbs\vendor\illuminate\events\Dispatcher.php(360): Flarum\Tags\Listener\AddForumTagsRelationship->loadTagsRelationship(Object(Flarum\Api\Event\WillSerializeData))
#18 D:\phpstudy_pro\WWW\bbs\vendor\illuminate\events\Dispatcher.php(209): Illuminate\Events\Dispatcher->Illuminate\Events\{closure}('Flarum\\Api\\Even...', Array)
#19 D:\phpstudy_pro\WWW\bbs\vendor\flarum\core\src\Api\Controller\AbstractSerializeController.php(99): Illuminate\Events\Dispatcher->dispatch('Flarum\\Api\\Even...')
#20 D:\phpstudy_pro\WWW\bbs\vendor\flarum\core\src\Api\Client.php(72): Flarum\Api\Controller\AbstractSerializeController->handle(Object(Laminas\Diactoros\ServerRequest))
#21 D:\phpstudy_pro\WWW\bbs\vendor\flarum\core\src\Frontend\Frontend.php(72): Flarum\Api\Client->send(Object(Flarum\Api\Controller\ShowForumController), Object(Flarum\User\User))
#22 D:\phpstudy_pro\WWW\bbs\vendor\flarum\core\src\Frontend\Frontend.php(51): Flarum\Frontend\Frontend->getForumDocument(Object(Laminas\Diactoros\ServerRequest))
#23 D:\phpstudy_pro\WWW\bbs\vendor\flarum\core\src\Frontend\Controller.php(32): Flarum\Frontend\Frontend->document(Object(Laminas\Diactoros\ServerRequest))
#24 D:\phpstudy_pro\WWW\bbs\vendor\flarum\core\src\Http\RouteHandlerFactory.php(38): Flarum\Frontend\Controller->handle(Object(Laminas\Diactoros\ServerRequest))
#25 D:\phpstudy_pro\WWW\bbs\vendor\flarum\core\src\Http\Middleware\DispatchRoute.php(65): Flarum\Http\RouteHandlerFactory->Flarum\Http\{closure}(Object(Laminas\Diactoros\ServerRequest), Array)
#26 D:\phpstudy_pro\WWW\bbs\vendor\laminas\laminas-stratigility\src\Next.php(61): Flarum\Http\Middleware\DispatchRoute->process(Object(Laminas\Diactoros\ServerRequest), Object(Closure))
#27 D:\phpstudy_pro\WWW\bbs\vendor\flarum\core\src\Http\Middleware\ShareErrorsFromSession.php(57): Laminas\Stratigility\Next->handle(Object(Laminas\Diactoros\ServerRequest))
#28 D:\phpstudy_pro\WWW\bbs\vendor\laminas\laminas-stratigility\src\Next.php(61): Flarum\Http\Middleware\ShareErrorsFromSession->process(Object(Laminas\Diactoros\ServerRequest), Object(Laminas\Stratigility\Next))
#29 D:\phpstudy_pro\WWW\bbs\vendor\flarum\core\src\Http\Middleware\SetLocale.php(50): Laminas\Stratigility\Next->handle(Object(Laminas\Diactoros\ServerRequest))
#30 D:\phpstudy_pro\WWW\bbs\vendor\laminas\laminas-stratigility\src\Next.php(61): Flarum\Http\Middleware\SetLocale->process(Object(Laminas\Diactoros\ServerRequest), Object(Laminas\Stratigility\Next))
#31 D:\phpstudy_pro\WWW\bbs\vendor\flarum\core\src\Http\Middleware\CheckCsrfToken.php(37): Laminas\Stratigility\Next->handle(Object(Laminas\Diactoros\ServerRequest))
#32 D:\phpstudy_pro\WWW\bbs\vendor\laminas\laminas-stratigility\src\Next.php(61): Flarum\Http\Middleware\CheckCsrfToken->process(Object(Laminas\Diactoros\ServerRequest), Object(Laminas\Stratigility\Next))
#33 D:\phpstudy_pro\WWW\bbs\vendor\flarum\core\src\Http\Middleware\AuthenticateWithSession.php(32): Laminas\Stratigility\Next->handle(Object(Laminas\Diactoros\ServerRequest))
#34 D:\phpstudy_pro\WWW\bbs\vendor\laminas\laminas-stratigility\src\Next.php(61): Flarum\Http\Middleware\AuthenticateWithSession->process(Object(Laminas\Diactoros\ServerRequest), Object(Laminas\Stratigility\Next))
#35 D:\phpstudy_pro\WWW\bbs\vendor\flarum\core\src\Http\Middleware\RememberFromCookie.php(51): Laminas\Stratigility\Next->handle(Object(Laminas\Diactoros\ServerRequest))
#36 D:\phpstudy_pro\WWW\bbs\vendor\laminas\laminas-stratigility\src\Next.php(61): Flarum\Http\Middleware\RememberFromCookie->process(Object(Laminas\Diactoros\ServerRequest), Object(Laminas\Stratigility\Next))
#37 D:\phpstudy_pro\WWW\bbs\vendor\flarum\core\src\Http\Middleware\StartSession.php(61): Laminas\Stratigility\Next->handle(Object(Laminas\Diactoros\ServerRequest))
#38 D:\phpstudy_pro\WWW\bbs\vendor\laminas\laminas-stratigility\src\Next.php(61): Flarum\Http\Middleware\StartSession->process(Object(Laminas\Diactoros\ServerRequest), Object(Laminas\Stratigility\Next))
#39 D:\phpstudy_pro\WWW\bbs\vendor\flarum\core\src\Http\Middleware\CollectGarbage.php(46): Laminas\Stratigility\Next->handle(Object(Laminas\Diactoros\ServerRequest))
#40 D:\phpstudy_pro\WWW\bbs\vendor\laminas\laminas-stratigility\src\Next.php(61): Flarum\Http\Middleware\CollectGarbage->process(Object(Laminas\Diactoros\ServerRequest), Object(Laminas\Stratigility\Next))
#41 D:\phpstudy_pro\WWW\bbs\vendor\flarum\core\src\Http\Middleware\ParseJsonBody.php(28): Laminas\Stratigility\Next->handle(Object(Laminas\Diactoros\ServerRequest))
#42 D:\phpstudy_pro\WWW\bbs\vendor\laminas\laminas-stratigility\src\Next.php(61): Flarum\Http\Middleware\ParseJsonBody->process(Object(Laminas\Diactoros\ServerRequest), Object(Laminas\Stratigility\Next))
#43 D:\phpstudy_pro\WWW\bbs\vendor\flarum\core\src\Http\Middleware\HandleErrors.php(57): Laminas\Stratigility\Next->handle(Object(Laminas\Diactoros\ServerRequest))
#44 D:\phpstudy_pro\WWW\bbs\vendor\laminas\laminas-stratigility\src\Next.php(61): Flarum\Http\Middleware\HandleErrors->process(Object(Laminas\Diactoros\ServerRequest), Object(Laminas\Stratigility\Next))
#45 D:\phpstudy_pro\WWW\bbs\vendor\laminas\laminas-stratigility\src\MiddlewarePipe.php(84): Laminas\Stratigility\Next->handle(Object(Laminas\Diactoros\ServerRequest))
#46 D:\phpstudy_pro\WWW\bbs\vendor\middlewares\request-handler\src\RequestHandler.php(84): Laminas\Stratigility\MiddlewarePipe->process(Object(Laminas\Diactoros\ServerRequest), Object(Laminas\Stratigility\Next))
#47 D:\phpstudy_pro\WWW\bbs\vendor\laminas\laminas-stratigility\src\Next.php(61): Middlewares\RequestHandler->process(Object(Laminas\Diactoros\ServerRequest), Object(Laminas\Stratigility\Next))
#48 D:\phpstudy_pro\WWW\bbs\vendor\middlewares\base-path-router\src\BasePathRouter.php(97): Laminas\Stratigility\Next->handle(Object(Laminas\Diactoros\ServerRequest))
#49 D:\phpstudy_pro\WWW\bbs\vendor\laminas\laminas-stratigility\src\Next.php(61): Middlewares\BasePathRouter->process(Object(Laminas\Diactoros\ServerRequest), Object(Laminas\Stratigility\Next))
#50 D:\phpstudy_pro\WWW\bbs\vendor\laminas\laminas-stratigility\src\Middleware\OriginalMessages.php(42): Laminas\Stratigility\Next->handle(Object(Laminas\Diactoros\ServerRequest))
#51 D:\phpstudy_pro\WWW\bbs\vendor\laminas\laminas-stratigility\src\Next.php(61): Laminas\Stratigility\Middleware\OriginalMessages->process(Object(Laminas\Diactoros\ServerRequest), Object(Laminas\Stratigility\Next))
#52 D:\phpstudy_pro\WWW\bbs\vendor\middlewares\base-path\src\BasePath.php(53): Laminas\Stratigility\Next->handle(Object(Laminas\Diactoros\ServerRequest))
#53 D:\phpstudy_pro\WWW\bbs\vendor\laminas\laminas-stratigility\src\Next.php(61): Middlewares\BasePath->process(Object(Laminas\Diactoros\ServerRequest), Object(Laminas\Stratigility\Next))
#54 D:\phpstudy_pro\WWW\bbs\vendor\laminas\laminas-stratigility\src\MiddlewarePipe.php(84): Laminas\Stratigility\Next->handle(Object(Laminas\Diactoros\ServerRequest))
#55 D:\phpstudy_pro\WWW\bbs\vendor\laminas\laminas-stratigility\src\MiddlewarePipe.php(73): Laminas\Stratigility\MiddlewarePipe->process(Object(Laminas\Diactoros\ServerRequest), Object(Laminas\Stratigility\EmptyPipelineHandler))
#56 D:\phpstudy_pro\WWW\bbs\vendor\laminas\laminas-httphandlerrunner\src\RequestHandlerRunner.php(96): Laminas\Stratigility\MiddlewarePipe->handle(Object(Laminas\Diactoros\ServerRequest))
#57 D:\phpstudy_pro\WWW\bbs\vendor\flarum\core\src\Http\Server.php(42): Laminas\HttpHandlerRunner\RequestHandlerRunner->run()
#58 D:\phpstudy_pro\WWW\bbs\public\index.php(26): Flarum\Http\Server->listen()
#59 {main}

Next Doctrine\DBAL\Driver\PDOException: SQLSTATE[42S02]: Base table or view not found: 1146 Table 'bbs.discussions' doesn't exist in D:\phpstudy_pro\WWW\bbs\vendor\doctrine\dbal\lib\Doctrine\DBAL\Driver\PDOConnection.php:66
Stack trace:
#0 D:\phpstudy_pro\WWW\bbs\vendor\illuminate\database\Connection.php(326): Doctrine\DBAL\Driver\PDOConnection->prepare('select * from `...')
#1 D:\phpstudy_pro\WWW\bbs\vendor\illuminate\database\Connection.php(657): Illuminate\Database\Connection->Illuminate\Database\{closure}('select * from `...', Array)
#2 D:\phpstudy_pro\WWW\bbs\vendor\illuminate\database\Connection.php(624): Illuminate\Database\Connection->runQueryCallback('select * from `...', Array, Object(Closure))
#3 D:\phpstudy_pro\WWW\bbs\vendor\illuminate\database\Connection.php(333): Illuminate\Database\Connection->run('select * from `...', Array, Object(Closure))
#4 D:\phpstudy_pro\WWW\bbs\vendor\illuminate\database\Query\Builder.php(2095): Illuminate\Database\Connection->select('select * from `...', Array, true)
#5 D:\phpstudy_pro\WWW\bbs\vendor\illuminate\database\Query\Builder.php(2083): Illuminate\Database\Query\Builder->runSelect()
#6 D:\phpstudy_pro\WWW\bbs\vendor\illuminate\database\Query\Builder.php(2569): Illuminate\Database\Query\Builder->Illuminate\Database\Query\{closure}()
#7 D:\phpstudy_pro\WWW\bbs\vendor\illuminate\database\Query\Builder.php(2084): Illuminate\Database\Query\Builder->onceWithColumns(Array, Object(Closure))
#8 D:\phpstudy_pro\WWW\bbs\vendor\illuminate\database\Eloquent\Builder.php(519): Illuminate\Database\Query\Builder->get(Array)
#9 D:\phpstudy_pro\WWW\bbs\vendor\illuminate\database\Eloquent\Builder.php(503): Illuminate\Database\Eloquent\Builder->getModels(Array)
#10 D:\phpstudy_pro\WWW\bbs\vendor\illuminate\database\Eloquent\Relations\Relation.php(155): Illuminate\Database\Eloquent\Builder->get(Array)
#11 D:\phpstudy_pro\WWW\bbs\vendor\illuminate\database\Eloquent\Relations\Relation.php(144): Illuminate\Database\Eloquent\Relations\Relation->get()
#12 D:\phpstudy_pro\WWW\bbs\vendor\illuminate\database\Eloquent\Builder.php(567): Illuminate\Database\Eloquent\Relations\Relation->getEager()
#13 D:\phpstudy_pro\WWW\bbs\vendor\illuminate\database\Eloquent\Builder.php(536): Illuminate\Database\Eloquent\Builder->eagerLoadRelation(Array, 'lastPostedDiscu...', Object(Closure))
#14 D:\phpstudy_pro\WWW\bbs\vendor\illuminate\database\Eloquent\Builder.php(504): Illuminate\Database\Eloquent\Builder->eagerLoadRelations(Array)
#15 D:\phpstudy_pro\WWW\bbs\vendor\flarum\tags\src\Listener\AddForumTagsRelationship.php(56): Illuminate\Database\Eloquent\Builder->get()
#16 D:\phpstudy_pro\WWW\bbs\vendor\illuminate\events\Dispatcher.php(360): Flarum\Tags\Listener\AddForumTagsRelationship->loadTagsRelationship(Object(Flarum\Api\Event\WillSerializeData))
#17 D:\phpstudy_pro\WWW\bbs\vendor\illuminate\events\Dispatcher.php(209): Illuminate\Events\Dispatcher->Illuminate\Events\{closure}('Flarum\\Api\\Even...', Array)
#18 D:\phpstudy_pro\WWW\bbs\vendor\flarum\core\src\Api\Controller\AbstractSerializeController.php(99): Illuminate\Events\Dispatcher->dispatch('Flarum\\Api\\Even...')
#19 D:\phpstudy_pro\WWW\bbs\vendor\flarum\core\src\Api\Client.php(72): Flarum\Api\Controller\AbstractSerializeController->handle(Object(Laminas\Diactoros\ServerRequest))
#20 D:\phpstudy_pro\WWW\bbs\vendor\flarum\core\src\Frontend\Frontend.php(72): Flarum\Api\Client->send(Object(Flarum\Api\Controller\ShowForumController), Object(Flarum\User\User))
#21 D:\phpstudy_pro\WWW\bbs\vendor\flarum\core\src\Frontend\Frontend.php(51): Flarum\Frontend\Frontend->getForumDocument(Object(Laminas\Diactoros\ServerRequest))
#22 D:\phpstudy_pro\WWW\bbs\vendor\flarum\core\src\Frontend\Controller.php(32): Flarum\Frontend\Frontend->document(Object(Laminas\Diactoros\ServerRequest))
#23 D:\phpstudy_pro\WWW\bbs\vendor\flarum\core\src\Http\RouteHandlerFactory.php(38): Flarum\Frontend\Controller->handle(Object(Laminas\Diactoros\ServerRequest))
#24 D:\phpstudy_pro\WWW\bbs\vendor\flarum\core\src\Http\Middleware\DispatchRoute.php(65): Flarum\Http\RouteHandlerFactory->Flarum\Http\{closure}(Object(Laminas\Diactoros\ServerRequest), Array)
#25 D:\phpstudy_pro\WWW\bbs\vendor\laminas\laminas-stratigility\src\Next.php(61): Flarum\Http\Middleware\DispatchRoute->process(Object(Laminas\Diactoros\ServerRequest), Object(Closure))
#26 D:\phpstudy_pro\WWW\bbs\vendor\flarum\core\src\Http\Middleware\ShareErrorsFromSession.php(57): Laminas\Stratigility\Next->handle(Object(Laminas\Diactoros\ServerRequest))
#27 D:\phpstudy_pro\WWW\bbs\vendor\laminas\laminas-stratigility\src\Next.php(61): Flarum\Http\Middleware\ShareErrorsFromSession->process(Object(Laminas\Diactoros\ServerRequest), Object(Laminas\Stratigility\Next))
#28 D:\phpstudy_pro\WWW\bbs\vendor\flarum\core\src\Http\Middleware\SetLocale.php(50): Laminas\Stratigility\Next->handle(Object(Laminas\Diactoros\ServerRequest))
#29 D:\phpstudy_pro\WWW\bbs\vendor\laminas\laminas-stratigility\src\Next.php(61): Flarum\Http\Middleware\SetLocale->process(Object(Laminas\Diactoros\ServerRequest), Object(Laminas\Stratigility\Next))
#30 D:\phpstudy_pro\WWW\bbs\vendor\flarum\core\src\Http\Middleware\CheckCsrfToken.php(37): Laminas\Stratigility\Next->handle(Object(Laminas\Diactoros\ServerRequest))
#31 D:\phpstudy_pro\WWW\bbs\vendor\laminas\laminas-stratigility\src\Next.php(61): Flarum\Http\Middleware\CheckCsrfToken->process(Object(Laminas\Diactoros\ServerRequest), Object(Laminas\Stratigility\Next))
#32 D:\phpstudy_pro\WWW\bbs\vendor\flarum\core\src\Http\Middleware\AuthenticateWithSession.php(32): Laminas\Stratigility\Next->handle(Object(Laminas\Diactoros\ServerRequest))
#33 D:\phpstudy_pro\WWW\bbs\vendor\laminas\laminas-stratigility\src\Next.php(61): Flarum\Http\Middleware\AuthenticateWithSession->process(Object(Laminas\Diactoros\ServerRequest), Object(Laminas\Stratigility\Next))
#34 D:\phpstudy_pro\WWW\bbs\vendor\flarum\core\src\Http\Middleware\RememberFromCookie.php(51): Laminas\Stratigility\Next->handle(Object(Laminas\Diactoros\ServerRequest))
#35 D:\phpstudy_pro\WWW\bbs\vendor\laminas\laminas-stratigility\src\Next.php(61): Flarum\Http\Middleware\RememberFromCookie->process(Object(Laminas\Diactoros\ServerRequest), Object(Laminas\Stratigility\Next))
#36 D:\phpstudy_pro\WWW\bbs\vendor\flarum\core\src\Http\Middleware\StartSession.php(61): Laminas\Stratigility\Next->handle(Object(Laminas\Diactoros\ServerRequest))
#37 D:\phpstudy_pro\WWW\bbs\vendor\laminas\laminas-stratigility\src\Next.php(61): Flarum\Http\Middleware\StartSession->process(Object(Laminas\Diactoros\ServerRequest), Object(Laminas\Stratigility\Next))
#38 D:\phpstudy_pro\WWW\bbs\vendor\flarum\core\src\Http\Middleware\CollectGarbage.php(46): Laminas\Stratigility\Next->handle(Object(Laminas\Diactoros\ServerRequest))
#39 D:\phpstudy_pro\WWW\bbs\vendor\laminas\laminas-stratigility\src\Next.php(61): Flarum\Http\Middleware\CollectGarbage->process(Object(Laminas\Diactoros\ServerRequest), Object(Laminas\Stratigility\Next))
#40 D:\phpstudy_pro\WWW\bbs\vendor\flarum\core\src\Http\Middleware\ParseJsonBody.php(28): Laminas\Stratigility\Next->handle(Object(Laminas\Diactoros\ServerRequest))
#41 D:\phpstudy_pro\WWW\bbs\vendor\laminas\laminas-stratigility\src\Next.php(61): Flarum\Http\Middleware\ParseJsonBody->process(Object(Laminas\Diactoros\ServerRequest), Object(Laminas\Stratigility\Next))
#42 D:\phpstudy_pro\WWW\bbs\vendor\flarum\core\src\Http\Middleware\HandleErrors.php(57): Laminas\Stratigility\Next->handle(Object(Laminas\Diactoros\ServerRequest))
#43 D:\phpstudy_pro\WWW\bbs\vendor\laminas\laminas-stratigility\src\Next.php(61): Flarum\Http\Middleware\HandleErrors->process(Object(Laminas\Diactoros\ServerRequest), Object(Laminas\Stratigility\Next))
#44 D:\phpstudy_pro\WWW\bbs\vendor\laminas\laminas-stratigility\src\MiddlewarePipe.php(84): Laminas\Stratigility\Next->handle(Object(Laminas\Diactoros\ServerRequest))
#45 D:\phpstudy_pro\WWW\bbs\vendor\middlewares\request-handler\src\RequestHandler.php(84): Laminas\Stratigility\MiddlewarePipe->process(Object(Laminas\Diactoros\ServerRequest), Object(Laminas\Stratigility\Next))
#46 D:\phpstudy_pro\WWW\bbs\vendor\laminas\laminas-stratigility\src\Next.php(61): Middlewares\RequestHandler->process(Object(Laminas\Diactoros\ServerRequest), Object(Laminas\Stratigility\Next))
#47 D:\phpstudy_pro\WWW\bbs\vendor\middlewares\base-path-router\src\BasePathRouter.php(97): Laminas\Stratigility\Next->handle(Object(Laminas\Diactoros\ServerRequest))
#48 D:\phpstudy_pro\WWW\bbs\vendor\laminas\laminas-stratigility\src\Next.php(61): Middlewares\BasePathRouter->process(Object(Laminas\Diactoros\ServerRequest), Object(Laminas\Stratigility\Next))
#49 D:\phpstudy_pro\WWW\bbs\vendor\laminas\laminas-stratigility\src\Middleware\OriginalMessages.php(42): Laminas\Stratigility\Next->handle(Object(Laminas\Diactoros\ServerRequest))
#50 D:\phpstudy_pro\WWW\bbs\vendor\laminas\laminas-stratigility\src\Next.php(61): Laminas\Stratigility\Middleware\OriginalMessages->process(Object(Laminas\Diactoros\ServerRequest), Object(Laminas\Stratigility\Next))
#51 D:\phpstudy_pro\WWW\bbs\vendor\middlewares\base-path\src\BasePath.php(53): Laminas\Stratigility\Next->handle(Object(Laminas\Diactoros\ServerRequest))
#52 D:\phpstudy_pro\WWW\bbs\vendor\laminas\laminas-stratigility\src\Next.php(61): Middlewares\BasePath->process(Object(Laminas\Diactoros\ServerRequest), Object(Laminas\Stratigility\Next))
#53 D:\phpstudy_pro\WWW\bbs\vendor\laminas\laminas-stratigility\src\MiddlewarePipe.php(84): Laminas\Stratigility\Next->handle(Object(Laminas\Diactoros\ServerRequest))
#54 D:\phpstudy_pro\WWW\bbs\vendor\laminas\laminas-stratigility\src\MiddlewarePipe.php(73): Laminas\Stratigility\MiddlewarePipe->process(Object(Laminas\Diactoros\ServerRequest), Object(Laminas\Stratigility\EmptyPipelineHandler))
#55 D:\phpstudy_pro\WWW\bbs\vendor\laminas\laminas-httphandlerrunner\src\RequestHandlerRunner.php(96): Laminas\Stratigility\MiddlewarePipe->handle(Object(Laminas\Diactoros\ServerRequest))
#56 D:\phpstudy_pro\WWW\bbs\vendor\flarum\core\src\Http\Server.php(42): Laminas\HttpHandlerRunner\RequestHandlerRunner->run()
#57 D:\phpstudy_pro\WWW\bbs\public\index.php(26): Flarum\Http\Server->listen()
#58 {main}

Next Illuminate\Database\QueryException: SQLSTATE[42S02]: Base table or view not found: 1146 Table 'bbs.discussions' doesn't exist (SQL: select * from `discussions` where 0 = 1) in D:\phpstudy_pro\WWW\bbs\vendor\illuminate\database\Connection.php:664
Stack trace:
#0 D:\phpstudy_pro\WWW\bbs\vendor\illuminate\database\Connection.php(624): Illuminate\Database\Connection->runQueryCallback('select * from `...', Array, Object(Closure))
#1 D:\phpstudy_pro\WWW\bbs\vendor\illuminate\database\Connection.php(333): Illuminate\Database\Connection->run('select * from `...', Array, Object(Closure))
#2 D:\phpstudy_pro\WWW\bbs\vendor\illuminate\database\Query\Builder.php(2095): Illuminate\Database\Connection->select('select * from `...', Array, true)
#3 D:\phpstudy_pro\WWW\bbs\vendor\illuminate\database\Query\Builder.php(2083): Illuminate\Database\Query\Builder->runSelect()
#4 D:\phpstudy_pro\WWW\bbs\vendor\illuminate\database\Query\Builder.php(2569): Illuminate\Database\Query\Builder->Illuminate\Database\Query\{closure}()
#5 D:\phpstudy_pro\WWW\bbs\vendor\illuminate\database\Query\Builder.php(2084): Illuminate\Database\Query\Builder->onceWithColumns(Array, Object(Closure))
#6 D:\phpstudy_pro\WWW\bbs\vendor\illuminate\database\Eloquent\Builder.php(519): Illuminate\Database\Query\Builder->get(Array)
#7 D:\phpstudy_pro\WWW\bbs\vendor\illuminate\database\Eloquent\Builder.php(503): Illuminate\Database\Eloquent\Builder->getModels(Array)
#8 D:\phpstudy_pro\WWW\bbs\vendor\illuminate\database\Eloquent\Relations\Relation.php(155): Illuminate\Database\Eloquent\Builder->get(Array)
#9 D:\phpstudy_pro\WWW\bbs\vendor\illuminate\database\Eloquent\Relations\Relation.php(144): Illuminate\Database\Eloquent\Relations\Relation->get()
#10 D:\phpstudy_pro\WWW\bbs\vendor\illuminate\database\Eloquent\Builder.php(567): Illuminate\Database\Eloquent\Relations\Relation->getEager()
#11 D:\phpstudy_pro\WWW\bbs\vendor\illuminate\database\Eloquent\Builder.php(536): Illuminate\Database\Eloquent\Builder->eagerLoadRelation(Array, 'lastPostedDiscu...', Object(Closure))
#12 D:\phpstudy_pro\WWW\bbs\vendor\illuminate\database\Eloquent\Builder.php(504): Illuminate\Database\Eloquent\Builder->eagerLoadRelations(Array)
#13 D:\phpstudy_pro\WWW\bbs\vendor\flarum\tags\src\Listener\AddForumTagsRelationship.php(56): Illuminate\Database\Eloquent\Builder->get()
#14 D:\phpstudy_pro\WWW\bbs\vendor\illuminate\events\Dispatcher.php(360): Flarum\Tags\Listener\AddForumTagsRelationship->loadTagsRelationship(Object(Flarum\Api\Event\WillSerializeData))
#15 D:\phpstudy_pro\WWW\bbs\vendor\illuminate\events\Dispatcher.php(209): Illuminate\Events\Dispatcher->Illuminate\Events\{closure}('Flarum\\Api\\Even...', Array)
#16 D:\phpstudy_pro\WWW\bbs\vendor\flarum\core\src\Api\Controller\AbstractSerializeController.php(99): Illuminate\Events\Dispatcher->dispatch('Flarum\\Api\\Even...')
#17 D:\phpstudy_pro\WWW\bbs\vendor\flarum\core\src\Api\Client.php(72): Flarum\Api\Controller\AbstractSerializeController->handle(Object(Laminas\Diactoros\ServerRequest))
#18 D:\phpstudy_pro\WWW\bbs\vendor\flarum\core\src\Frontend\Frontend.php(72): Flarum\Api\Client->send(Object(Flarum\Api\Controller\ShowForumController), Object(Flarum\User\User))
#19 D:\phpstudy_pro\WWW\bbs\vendor\flarum\core\src\Frontend\Frontend.php(51): Flarum\Frontend\Frontend->getForumDocument(Object(Laminas\Diactoros\ServerRequest))
#20 D:\phpstudy_pro\WWW\bbs\vendor\flarum\core\src\Frontend\Controller.php(32): Flarum\Frontend\Frontend->document(Object(Laminas\Diactoros\ServerRequest))
#21 D:\phpstudy_pro\WWW\bbs\vendor\flarum\core\src\Http\RouteHandlerFactory.php(38): Flarum\Frontend\Controller->handle(Object(Laminas\Diactoros\ServerRequest))
#22 D:\phpstudy_pro\WWW\bbs\vendor\flarum\core\src\Http\Middleware\DispatchRoute.php(65): Flarum\Http\RouteHandlerFactory->Flarum\Http\{closure}(Object(Laminas\Diactoros\ServerRequest), Array)
#23 D:\phpstudy_pro\WWW\bbs\vendor\laminas\laminas-stratigility\src\Next.php(61): Flarum\Http\Middleware\DispatchRoute->process(Object(Laminas\Diactoros\ServerRequest), Object(Closure))
#24 D:\phpstudy_pro\WWW\bbs\vendor\flarum\core\src\Http\Middleware\ShareErrorsFromSession.php(57): Laminas\Stratigility\Next->handle(Object(Laminas\Diactoros\ServerRequest))
#25 D:\phpstudy_pro\WWW\bbs\vendor\laminas\laminas-stratigility\src\Next.php(61): Flarum\Http\Middleware\ShareErrorsFromSession->process(Object(Laminas\Diactoros\ServerRequest), Object(Laminas\Stratigility\Next))
#26 D:\phpstudy_pro\WWW\bbs\vendor\flarum\core\src\Http\Middleware\SetLocale.php(50): Laminas\Stratigility\Next->handle(Object(Laminas\Diactoros\ServerRequest))
#27 D:\phpstudy_pro\WWW\bbs\vendor\laminas\laminas-stratigility\src\Next.php(61): Flarum\Http\Middleware\SetLocale->process(Object(Laminas\Diactoros\ServerRequest), Object(Laminas\Stratigility\Next))
#28 D:\phpstudy_pro\WWW\bbs\vendor\flarum\core\src\Http\Middleware\CheckCsrfToken.php(37): Laminas\Stratigility\Next->handle(Object(Laminas\Diactoros\ServerRequest))
#29 D:\phpstudy_pro\WWW\bbs\vendor\laminas\laminas-stratigility\src\Next.php(61): Flarum\Http\Middleware\CheckCsrfToken->process(Object(Laminas\Diactoros\ServerRequest), Object(Laminas\Stratigility\Next))
#30 D:\phpstudy_pro\WWW\bbs\vendor\flarum\core\src\Http\Middleware\AuthenticateWithSession.php(32): Laminas\Stratigility\Next->handle(Object(Laminas\Diactoros\ServerRequest))
#31 D:\phpstudy_pro\WWW\bbs\vendor\laminas\laminas-stratigility\src\Next.php(61): Flarum\Http\Middleware\AuthenticateWithSession->process(Object(Laminas\Diactoros\ServerRequest), Object(Laminas\Stratigility\Next))
#32 D:\phpstudy_pro\WWW\bbs\vendor\flarum\core\src\Http\Middleware\RememberFromCookie.php(51): Laminas\Stratigility\Next->handle(Object(Laminas\Diactoros\ServerRequest))
#33 D:\phpstudy_pro\WWW\bbs\vendor\laminas\laminas-stratigility\src\Next.php(61): Flarum\Http\Middleware\RememberFromCookie->process(Object(Laminas\Diactoros\ServerRequest), Object(Laminas\Stratigility\Next))
#34 D:\phpstudy_pro\WWW\bbs\vendor\flarum\core\src\Http\Middleware\StartSession.php(61): Laminas\Stratigility\Next->handle(Object(Laminas\Diactoros\ServerRequest))
#35 D:\phpstudy_pro\WWW\bbs\vendor\laminas\laminas-stratigility\src\Next.php(61): Flarum\Http\Middleware\StartSession->process(Object(Laminas\Diactoros\ServerRequest), Object(Laminas\Stratigility\Next))
#36 D:\phpstudy_pro\WWW\bbs\vendor\flarum\core\src\Http\Middleware\CollectGarbage.php(46): Laminas\Stratigility\Next->handle(Object(Laminas\Diactoros\ServerRequest))
#37 D:\phpstudy_pro\WWW\bbs\vendor\laminas\laminas-stratigility\src\Next.php(61): Flarum\Http\Middleware\CollectGarbage->process(Object(Laminas\Diactoros\ServerRequest), Object(Laminas\Stratigility\Next))
#38 D:\phpstudy_pro\WWW\bbs\vendor\flarum\core\src\Http\Middleware\ParseJsonBody.php(28): Laminas\Stratigility\Next->handle(Object(Laminas\Diactoros\ServerRequest))
#39 D:\phpstudy_pro\WWW\bbs\vendor\laminas\laminas-stratigility\src\Next.php(61): Flarum\Http\Middleware\ParseJsonBody->process(Object(Laminas\Diactoros\ServerRequest), Object(Laminas\Stratigility\Next))
#40 D:\phpstudy_pro\WWW\bbs\vendor\flarum\core\src\Http\Middleware\HandleErrors.php(57): Laminas\Stratigility\Next->handle(Object(Laminas\Diactoros\ServerRequest))
#41 D:\phpstudy_pro\WWW\bbs\vendor\laminas\laminas-stratigility\src\Next.php(61): Flarum\Http\Middleware\HandleErrors->process(Object(Laminas\Diactoros\ServerRequest), Object(Laminas\Stratigility\Next))
#42 D:\phpstudy_pro\WWW\bbs\vendor\laminas\laminas-stratigility\src\MiddlewarePipe.php(84): Laminas\Stratigility\Next->handle(Object(Laminas\Diactoros\ServerRequest))
#43 D:\phpstudy_pro\WWW\bbs\vendor\middlewares\request-handler\src\RequestHandler.php(84): Laminas\Stratigility\MiddlewarePipe->process(Object(Laminas\Diactoros\ServerRequest), Object(Laminas\Stratigility\Next))
#44 D:\phpstudy_pro\WWW\bbs\vendor\laminas\laminas-stratigility\src\Next.php(61): Middlewares\RequestHandler->process(Object(Laminas\Diactoros\ServerRequest), Object(Laminas\Stratigility\Next))
#45 D:\phpstudy_pro\WWW\bbs\vendor\middlewares\base-path-router\src\BasePathRouter.php(97): Laminas\Stratigility\Next->handle(Object(Laminas\Diactoros\ServerRequest))
#46 D:\phpstudy_pro\WWW\bbs\vendor\laminas\laminas-stratigility\src\Next.php(61): Middlewares\BasePathRouter->process(Object(Laminas\Diactoros\ServerRequest), Object(Laminas\Stratigility\Next))
#47 D:\phpstudy_pro\WWW\bbs\vendor\laminas\laminas-stratigility\src\Middleware\OriginalMessages.php(42): Laminas\Stratigility\Next->handle(Object(Laminas\Diactoros\ServerRequest))
#48 D:\phpstudy_pro\WWW\bbs\vendor\laminas\laminas-stratigility\src\Next.php(61): Laminas\Stratigility\Middleware\OriginalMessages->process(Object(Laminas\Diactoros\ServerRequest), Object(Laminas\Stratigility\Next))
#49 D:\phpstudy_pro\WWW\bbs\vendor\middlewares\base-path\src\BasePath.php(53): Laminas\Stratigility\Next->handle(Object(Laminas\Diactoros\ServerRequest))
#50 D:\phpstudy_pro\WWW\bbs\vendor\laminas\laminas-stratigility\src\Next.php(61): Middlewares\BasePath->process(Object(Laminas\Diactoros\ServerRequest), Object(Laminas\Stratigility\Next))
#51 D:\phpstudy_pro\WWW\bbs\vendor\laminas\laminas-stratigility\src\MiddlewarePipe.php(84): Laminas\Stratigility\Next->handle(Object(Laminas\Diactoros\ServerRequest))
#52 D:\phpstudy_pro\WWW\bbs\vendor\laminas\laminas-stratigility\src\MiddlewarePipe.php(73): Laminas\Stratigility\MiddlewarePipe->process(Object(Laminas\Diactoros\ServerRequest), Object(Laminas\Stratigility\EmptyPipelineHandler))
#53 D:\phpstudy_pro\WWW\bbs\vendor\laminas\laminas-httphandlerrunner\src\RequestHandlerRunner.php(96): Laminas\Stratigility\MiddlewarePipe->handle(Object(Laminas\Diactoros\ServerRequest))
#54 D:\phpstudy_pro\WWW\bbs\vendor\flarum\core\src\Http\Server.php(42): Laminas\HttpHandlerRunner\RequestHandlerRunner->run()
#55 D:\phpstudy_pro\WWW\bbs\public\index.php(26): Flarum\Http\Server->listen()
#56 {main}  
[2020-07-21 10:48:37] production.ERROR: PDOException: SQLSTATE[42S02]: Base table or view not found: 1146 Table 'bbs.discussions' doesn't exist in D:\phpstudy_pro\WWW\bbs\vendor\doctrine\dbal\lib\Doctrine\DBAL\Driver\PDOConnection.php:64
Stack trace:
#0 D:\phpstudy_pro\WWW\bbs\vendor\doctrine\dbal\lib\Doctrine\DBAL\Driver\PDOConnection.php(64): PDO->prepare('select * from `...', Array)
#1 D:\phpstudy_pro\WWW\bbs\vendor\illuminate\database\Connection.php(326): Doctrine\DBAL\Driver\PDOConnection->prepare('select * from `...')
#2 D:\phpstudy_pro\WWW\bbs\vendor\illuminate\database\Connection.php(657): Illuminate\Database\Connection->Illuminate\Database\{closure}('select * from `...', Array)
#3 D:\phpstudy_pro\WWW\bbs\vendor\illuminate\database\Connection.php(624): Illuminate\Database\Connection->runQueryCallback('select * from `...', Array, Object(Closure))
#4 D:\phpstudy_pro\WWW\bbs\vendor\illuminate\database\Connection.php(333): Illuminate\Database\Connection->run('select * from `...', Array, Object(Closure))
#5 D:\phpstudy_pro\WWW\bbs\vendor\illuminate\database\Query\Builder.php(2095): Illuminate\Database\Connection->select('select * from `...', Array, true)
#6 D:\phpstudy_pro\WWW\bbs\vendor\illuminate\database\Query\Builder.php(2083): Illuminate\Database\Query\Builder->runSelect()
#7 D:\phpstudy_pro\WWW\bbs\vendor\illuminate\database\Query\Builder.php(2569): Illuminate\Database\Query\Builder->Illuminate\Database\Query\{closure}()
#8 D:\phpstudy_pro\WWW\bbs\vendor\illuminate\database\Query\Builder.php(2084): Illuminate\Database\Query\Builder->onceWithColumns(Array, Object(Closure))
#9 D:\phpstudy_pro\WWW\bbs\vendor\illuminate\database\Eloquent\Builder.php(519): Illuminate\Database\Query\Builder->get(Array)
#10 D:\phpstudy_pro\WWW\bbs\vendor\illuminate\database\Eloquent\Builder.php(503): Illuminate\Database\Eloquent\Builder->getModels(Array)
#11 D:\phpstudy_pro\WWW\bbs\vendor\illuminate\database\Eloquent\Relations\Relation.php(155): Illuminate\Database\Eloquent\Builder->get(Array)
#12 D:\phpstudy_pro\WWW\bbs\vendor\illuminate\database\Eloquent\Relations\Relation.php(144): Illuminate\Database\Eloquent\Relations\Relation->get()
#13 D:\phpstudy_pro\WWW\bbs\vendor\illuminate\database\Eloquent\Builder.php(567): Illuminate\Database\Eloquent\Relations\Relation->getEager()
#14 D:\phpstudy_pro\WWW\bbs\vendor\illuminate\database\Eloquent\Builder.php(536): Illuminate\Database\Eloquent\Builder->eagerLoadRelation(Array, 'lastPostedDiscu...', Object(Closure))
#15 D:\phpstudy_pro\WWW\bbs\vendor\illuminate\database\Eloquent\Builder.php(504): Illuminate\Database\Eloquent\Builder->eagerLoadRelations(Array)
#16 D:\phpstudy_pro\WWW\bbs\vendor\flarum\tags\src\Listener\AddForumTagsRelationship.php(56): Illuminate\Database\Eloquent\Builder->get()
#17 D:\phpstudy_pro\WWW\bbs\vendor\illuminate\events\Dispatcher.php(360): Flarum\Tags\Listener\AddForumTagsRelationship->loadTagsRelationship(Object(Flarum\Api\Event\WillSerializeData))
#18 D:\phpstudy_pro\WWW\bbs\vendor\illuminate\events\Dispatcher.php(209): Illuminate\Events\Dispatcher->Illuminate\Events\{closure}('Flarum\\Api\\Even...', Array)
#19 D:\phpstudy_pro\WWW\bbs\vendor\flarum\core\src\Api\Controller\AbstractSerializeController.php(99): Illuminate\Events\Dispatcher->dispatch('Flarum\\Api\\Even...')
#20 D:\phpstudy_pro\WWW\bbs\vendor\flarum\core\src\Api\Client.php(72): Flarum\Api\Controller\AbstractSerializeController->handle(Object(Laminas\Diactoros\ServerRequest))
#21 D:\phpstudy_pro\WWW\bbs\vendor\flarum\core\src\Frontend\Frontend.php(72): Flarum\Api\Client->send(Object(Flarum\Api\Controller\ShowForumController), Object(Flarum\User\User))
#22 D:\phpstudy_pro\WWW\bbs\vendor\flarum\core\src\Frontend\Frontend.php(51): Flarum\Frontend\Frontend->getForumDocument(Object(Laminas\Diactoros\ServerRequest))
#23 D:\phpstudy_pro\WWW\bbs\vendor\flarum\core\src\Frontend\Controller.php(32): Flarum\Frontend\Frontend->document(Object(Laminas\Diactoros\ServerRequest))
#24 D:\phpstudy_pro\WWW\bbs\vendor\flarum\core\src\Http\RouteHandlerFactory.php(38): Flarum\Frontend\Controller->handle(Object(Laminas\Diactoros\ServerRequest))
#25 D:\phpstudy_pro\WWW\bbs\vendor\flarum\core\src\Http\Middleware\DispatchRoute.php(65): Flarum\Http\RouteHandlerFactory->Flarum\Http\{closure}(Object(Laminas\Diactoros\ServerRequest), Array)
#26 D:\phpstudy_pro\WWW\bbs\vendor\laminas\laminas-stratigility\src\Next.php(61): Flarum\Http\Middleware\DispatchRoute->process(Object(Laminas\Diactoros\ServerRequest), Object(Closure))
#27 D:\phpstudy_pro\WWW\bbs\vendor\flarum\core\src\Http\Middleware\ShareErrorsFromSession.php(57): Laminas\Stratigility\Next->handle(Object(Laminas\Diactoros\ServerRequest))
#28 D:\phpstudy_pro\WWW\bbs\vendor\laminas\laminas-stratigility\src\Next.php(61): Flarum\Http\Middleware\ShareErrorsFromSession->process(Object(Laminas\Diactoros\ServerRequest), Object(Laminas\Stratigility\Next))
#29 D:\phpstudy_pro\WWW\bbs\vendor\flarum\core\src\Http\Middleware\SetLocale.php(50): Laminas\Stratigility\Next->handle(Object(Laminas\Diactoros\ServerRequest))
#30 D:\phpstudy_pro\WWW\bbs\vendor\laminas\laminas-stratigility\src\Next.php(61): Flarum\Http\Middleware\SetLocale->process(Object(Laminas\Diactoros\ServerRequest), Object(Laminas\Stratigility\Next))
#31 D:\phpstudy_pro\WWW\bbs\vendor\flarum\core\src\Http\Middleware\CheckCsrfToken.php(37): Laminas\Stratigility\Next->handle(Object(Laminas\Diactoros\ServerRequest))
#32 D:\phpstudy_pro\WWW\bbs\vendor\laminas\laminas-stratigility\src\Next.php(61): Flarum\Http\Middleware\CheckCsrfToken->process(Object(Laminas\Diactoros\ServerRequest), Object(Laminas\Stratigility\Next))
#33 D:\phpstudy_pro\WWW\bbs\vendor\flarum\core\src\Http\Middleware\AuthenticateWithSession.php(32): Laminas\Stratigility\Next->handle(Object(Laminas\Diactoros\ServerRequest))
#34 D:\phpstudy_pro\WWW\bbs\vendor\laminas\laminas-stratigility\src\Next.php(61): Flarum\Http\Middleware\AuthenticateWithSession->process(Object(Laminas\Diactoros\ServerRequest), Object(Laminas\Stratigility\Next))
#35 D:\phpstudy_pro\WWW\bbs\vendor\flarum\core\src\Http\Middleware\RememberFromCookie.php(51): Laminas\Stratigility\Next->handle(Object(Laminas\Diactoros\ServerRequest))
#36 D:\phpstudy_pro\WWW\bbs\vendor\laminas\laminas-stratigility\src\Next.php(61): Flarum\Http\Middleware\RememberFromCookie->process(Object(Laminas\Diactoros\ServerRequest), Object(Laminas\Stratigility\Next))
#37 D:\phpstudy_pro\WWW\bbs\vendor\flarum\core\src\Http\Middleware\StartSession.php(61): Laminas\Stratigility\Next->handle(Object(Laminas\Diactoros\ServerRequest))
#38 D:\phpstudy_pro\WWW\bbs\vendor\laminas\laminas-stratigility\src\Next.php(61): Flarum\Http\Middleware\StartSession->process(Object(Laminas\Diactoros\ServerRequest), Object(Laminas\Stratigility\Next))
#39 D:\phpstudy_pro\WWW\bbs\vendor\flarum\core\src\Http\Middleware\CollectGarbage.php(46): Laminas\Stratigility\Next->handle(Object(Laminas\Diactoros\ServerRequest))
#40 D:\phpstudy_pro\WWW\bbs\vendor\laminas\laminas-stratigility\src\Next.php(61): Flarum\Http\Middleware\CollectGarbage->process(Object(Laminas\Diactoros\ServerRequest), Object(Laminas\Stratigility\Next))
#41 D:\phpstudy_pro\WWW\bbs\vendor\flarum\core\src\Http\Middleware\ParseJsonBody.php(28): Laminas\Stratigility\Next->handle(Object(Laminas\Diactoros\ServerRequest))
#42 D:\phpstudy_pro\WWW\bbs\vendor\laminas\laminas-stratigility\src\Next.php(61): Flarum\Http\Middleware\ParseJsonBody->process(Object(Laminas\Diactoros\ServerRequest), Object(Laminas\Stratigility\Next))
#43 D:\phpstudy_pro\WWW\bbs\vendor\flarum\core\src\Http\Middleware\HandleErrors.php(57): Laminas\Stratigility\Next->handle(Object(Laminas\Diactoros\ServerRequest))
#44 D:\phpstudy_pro\WWW\bbs\vendor\laminas\laminas-stratigility\src\Next.php(61): Flarum\Http\Middleware\HandleErrors->process(Object(Laminas\Diactoros\ServerRequest), Object(Laminas\Stratigility\Next))
#45 D:\phpstudy_pro\WWW\bbs\vendor\laminas\laminas-stratigility\src\MiddlewarePipe.php(84): Laminas\Stratigility\Next->handle(Object(Laminas\Diactoros\ServerRequest))
#46 D:\phpstudy_pro\WWW\bbs\vendor\middlewares\request-handler\src\RequestHandler.php(84): Laminas\Stratigility\MiddlewarePipe->process(Object(Laminas\Diactoros\ServerRequest), Object(Laminas\Stratigility\Next))
#47 D:\phpstudy_pro\WWW\bbs\vendor\laminas\laminas-stratigility\src\Next.php(61): Middlewares\RequestHandler->process(Object(Laminas\Diactoros\ServerRequest), Object(Laminas\Stratigility\Next))
#48 D:\phpstudy_pro\WWW\bbs\vendor\middlewares\base-path-router\src\BasePathRouter.php(97): Laminas\Stratigility\Next->handle(Object(Laminas\Diactoros\ServerRequest))
#49 D:\phpstudy_pro\WWW\bbs\vendor\laminas\laminas-stratigility\src\Next.php(61): Middlewares\BasePathRouter->process(Object(Laminas\Diactoros\ServerRequest), Object(Laminas\Stratigility\Next))
#50 D:\phpstudy_pro\WWW\bbs\vendor\laminas\laminas-stratigility\src\Middleware\OriginalMessages.php(42): Laminas\Stratigility\Next->handle(Object(Laminas\Diactoros\ServerRequest))
#51 D:\phpstudy_pro\WWW\bbs\vendor\laminas\laminas-stratigility\src\Next.php(61): Laminas\Stratigility\Middleware\OriginalMessages->process(Object(Laminas\Diactoros\ServerRequest), Object(Laminas\Stratigility\Next))
#52 D:\phpstudy_pro\WWW\bbs\vendor\middlewares\base-path\src\BasePath.php(53): Laminas\Stratigility\Next->handle(Object(Laminas\Diactoros\ServerRequest))
#53 D:\phpstudy_pro\WWW\bbs\vendor\laminas\laminas-stratigility\src\Next.php(61): Middlewares\BasePath->process(Object(Laminas\Diactoros\ServerRequest), Object(Laminas\Stratigility\Next))
#54 D:\phpstudy_pro\WWW\bbs\vendor\laminas\laminas-stratigility\src\MiddlewarePipe.php(84): Laminas\Stratigility\Next->handle(Object(Laminas\Diactoros\ServerRequest))
#55 D:\phpstudy_pro\WWW\bbs\vendor\laminas\laminas-stratigility\src\MiddlewarePipe.php(73): Laminas\Stratigility\MiddlewarePipe->process(Object(Laminas\Diactoros\ServerRequest), Object(Laminas\Stratigility\EmptyPipelineHandler))
#56 D:\phpstudy_pro\WWW\bbs\vendor\laminas\laminas-httphandlerrunner\src\RequestHandlerRunner.php(96): Laminas\Stratigility\MiddlewarePipe->handle(Object(Laminas\Diactoros\ServerRequest))
#57 D:\phpstudy_pro\WWW\bbs\vendor\flarum\core\src\Http\Server.php(42): Laminas\HttpHandlerRunner\RequestHandlerRunner->run()
#58 D:\phpstudy_pro\WWW\bbs\public\index.php(26): Flarum\Http\Server->listen()
#59 {main}

Next Doctrine\DBAL\Driver\PDOException: SQLSTATE[42S02]: Base table or view not found: 1146 Table 'bbs.discussions' doesn't exist in D:\phpstudy_pro\WWW\bbs\vendor\doctrine\dbal\lib\Doctrine\DBAL\Driver\PDOConnection.php:66
Stack trace:
#0 D:\phpstudy_pro\WWW\bbs\vendor\illuminate\database\Connection.php(326): Doctrine\DBAL\Driver\PDOConnection->prepare('select * from `...')
#1 D:\phpstudy_pro\WWW\bbs\vendor\illuminate\database\Connection.php(657): Illuminate\Database\Connection->Illuminate\Database\{closure}('select * from `...', Array)
#2 D:\phpstudy_pro\WWW\bbs\vendor\illuminate\database\Connection.php(624): Illuminate\Database\Connection->runQueryCallback('select * from `...', Array, Object(Closure))
#3 D:\phpstudy_pro\WWW\bbs\vendor\illuminate\database\Connection.php(333): Illuminate\Database\Connection->run('select * from `...', Array, Object(Closure))
#4 D:\phpstudy_pro\WWW\bbs\vendor\illuminate\database\Query\Builder.php(2095): Illuminate\Database\Connection->select('select * from `...', Array, true)
#5 D:\phpstudy_pro\WWW\bbs\vendor\illuminate\database\Query\Builder.php(2083): Illuminate\Database\Query\Builder->runSelect()
#6 D:\phpstudy_pro\WWW\bbs\vendor\illuminate\database\Query\Builder.php(2569): Illuminate\Database\Query\Builder->Illuminate\Database\Query\{closure}()
#7 D:\phpstudy_pro\WWW\bbs\vendor\illuminate\database\Query\Builder.php(2084): Illuminate\Database\Query\Builder->onceWithColumns(Array, Object(Closure))
#8 D:\phpstudy_pro\WWW\bbs\vendor\illuminate\database\Eloquent\Builder.php(519): Illuminate\Database\Query\Builder->get(Array)
#9 D:\phpstudy_pro\WWW\bbs\vendor\illuminate\database\Eloquent\Builder.php(503): Illuminate\Database\Eloquent\Builder->getModels(Array)
#10 D:\phpstudy_pro\WWW\bbs\vendor\illuminate\database\Eloquent\Relations\Relation.php(155): Illuminate\Database\Eloquent\Builder->get(Array)
#11 D:\phpstudy_pro\WWW\bbs\vendor\illuminate\database\Eloquent\Relations\Relation.php(144): Illuminate\Database\Eloquent\Relations\Relation->get()
#12 D:\phpstudy_pro\WWW\bbs\vendor\illuminate\database\Eloquent\Builder.php(567): Illuminate\Database\Eloquent\Relations\Relation->getEager()
#13 D:\phpstudy_pro\WWW\bbs\vendor\illuminate\database\Eloquent\Builder.php(536): Illuminate\Database\Eloquent\Builder->eagerLoadRelation(Array, 'lastPostedDiscu...', Object(Closure))
#14 D:\phpstudy_pro\WWW\bbs\vendor\illuminate\database\Eloquent\Builder.php(504): Illuminate\Database\Eloquent\Builder->eagerLoadRelations(Array)
#15 D:\phpstudy_pro\WWW\bbs\vendor\flarum\tags\src\Listener\AddForumTagsRelationship.php(56): Illuminate\Database\Eloquent\Builder->get()
#16 D:\phpstudy_pro\WWW\bbs\vendor\illuminate\events\Dispatcher.php(360): Flarum\Tags\Listener\AddForumTagsRelationship->loadTagsRelationship(Object(Flarum\Api\Event\WillSerializeData))
#17 D:\phpstudy_pro\WWW\bbs\vendor\illuminate\events\Dispatcher.php(209): Illuminate\Events\Dispatcher->Illuminate\Events\{closure}('Flarum\\Api\\Even...', Array)
#18 D:\phpstudy_pro\WWW\bbs\vendor\flarum\core\src\Api\Controller\AbstractSerializeController.php(99): Illuminate\Events\Dispatcher->dispatch('Flarum\\Api\\Even...')
#19 D:\phpstudy_pro\WWW\bbs\vendor\flarum\core\src\Api\Client.php(72): Flarum\Api\Controller\AbstractSerializeController->handle(Object(Laminas\Diactoros\ServerRequest))
#20 D:\phpstudy_pro\WWW\bbs\vendor\flarum\core\src\Frontend\Frontend.php(72): Flarum\Api\Client->send(Object(Flarum\Api\Controller\ShowForumController), Object(Flarum\User\User))
#21 D:\phpstudy_pro\WWW\bbs\vendor\flarum\core\src\Frontend\Frontend.php(51): Flarum\Frontend\Frontend->getForumDocument(Object(Laminas\Diactoros\ServerRequest))
#22 D:\phpstudy_pro\WWW\bbs\vendor\flarum\core\src\Frontend\Controller.php(32): Flarum\Frontend\Frontend->document(Object(Laminas\Diactoros\ServerRequest))
#23 D:\phpstudy_pro\WWW\bbs\vendor\flarum\core\src\Http\RouteHandlerFactory.php(38): Flarum\Frontend\Controller->handle(Object(Laminas\Diactoros\ServerRequest))
#24 D:\phpstudy_pro\WWW\bbs\vendor\flarum\core\src\Http\Middleware\DispatchRoute.php(65): Flarum\Http\RouteHandlerFactory->Flarum\Http\{closure}(Object(Laminas\Diactoros\ServerRequest), Array)
#25 D:\phpstudy_pro\WWW\bbs\vendor\laminas\laminas-stratigility\src\Next.php(61): Flarum\Http\Middleware\DispatchRoute->process(Object(Laminas\Diactoros\ServerRequest), Object(Closure))
#26 D:\phpstudy_pro\WWW\bbs\vendor\flarum\core\src\Http\Middleware\ShareErrorsFromSession.php(57): Laminas\Stratigility\Next->handle(Object(Laminas\Diactoros\ServerRequest))
#27 D:\phpstudy_pro\WWW\bbs\vendor\laminas\laminas-stratigility\src\Next.php(61): Flarum\Http\Middleware\ShareErrorsFromSession->process(Object(Laminas\Diactoros\ServerRequest), Object(Laminas\Stratigility\Next))
#28 D:\phpstudy_pro\WWW\bbs\vendor\flarum\core\src\Http\Middleware\SetLocale.php(50): Laminas\Stratigility\Next->handle(Object(Laminas\Diactoros\ServerRequest))
#29 D:\phpstudy_pro\WWW\bbs\vendor\laminas\laminas-stratigility\src\Next.php(61): Flarum\Http\Middleware\SetLocale->process(Object(Laminas\Diactoros\ServerRequest), Object(Laminas\Stratigility\Next))
#30 D:\phpstudy_pro\WWW\bbs\vendor\flarum\core\src\Http\Middleware\CheckCsrfToken.php(37): Laminas\Stratigility\Next->handle(Object(Laminas\Diactoros\ServerRequest))
#31 D:\phpstudy_pro\WWW\bbs\vendor\laminas\laminas-stratigility\src\Next.php(61): Flarum\Http\Middleware\CheckCsrfToken->process(Object(Laminas\Diactoros\ServerRequest), Object(Laminas\Stratigility\Next))
#32 D:\phpstudy_pro\WWW\bbs\vendor\flarum\core\src\Http\Middleware\AuthenticateWithSession.php(32): Laminas\Stratigility\Next->handle(Object(Laminas\Diactoros\ServerRequest))
#33 D:\phpstudy_pro\WWW\bbs\vendor\laminas\laminas-stratigility\src\Next.php(61): Flarum\Http\Middleware\AuthenticateWithSession->process(Object(Laminas\Diactoros\ServerRequest), Object(Laminas\Stratigility\Next))
#34 D:\phpstudy_pro\WWW\bbs\vendor\flarum\core\src\Http\Middleware\RememberFromCookie.php(51): Laminas\Stratigility\Next->handle(Object(Laminas\Diactoros\ServerRequest))
#35 D:\phpstudy_pro\WWW\bbs\vendor\laminas\laminas-stratigility\src\Next.php(61): Flarum\Http\Middleware\RememberFromCookie->process(Object(Laminas\Diactoros\ServerRequest), Object(Laminas\Stratigility\Next))
#36 D:\phpstudy_pro\WWW\bbs\vendor\flarum\core\src\Http\Middleware\StartSession.php(61): Laminas\Stratigility\Next->handle(Object(Laminas\Diactoros\ServerRequest))
#37 D:\phpstudy_pro\WWW\bbs\vendor\laminas\laminas-stratigility\src\Next.php(61): Flarum\Http\Middleware\StartSession->process(Object(Laminas\Diactoros\ServerRequest), Object(Laminas\Stratigility\Next))
#38 D:\phpstudy_pro\WWW\bbs\vendor\flarum\core\src\Http\Middleware\CollectGarbage.php(46): Laminas\Stratigility\Next->handle(Object(Laminas\Diactoros\ServerRequest))
#39 D:\phpstudy_pro\WWW\bbs\vendor\laminas\laminas-stratigility\src\Next.php(61): Flarum\Http\Middleware\CollectGarbage->process(Object(Laminas\Diactoros\ServerRequest), Object(Laminas\Stratigility\Next))
#40 D:\phpstudy_pro\WWW\bbs\vendor\flarum\core\src\Http\Middleware\ParseJsonBody.php(28): Laminas\Stratigility\Next->handle(Object(Laminas\Diactoros\ServerRequest))
#41 D:\phpstudy_pro\WWW\bbs\vendor\laminas\laminas-stratigility\src\Next.php(61): Flarum\Http\Middleware\ParseJsonBody->process(Object(Laminas\Diactoros\ServerRequest), Object(Laminas\Stratigility\Next))
#42 D:\phpstudy_pro\WWW\bbs\vendor\flarum\core\src\Http\Middleware\HandleErrors.php(57): Laminas\Stratigility\Next->handle(Object(Laminas\Diactoros\ServerRequest))
#43 D:\phpstudy_pro\WWW\bbs\vendor\laminas\laminas-stratigility\src\Next.php(61): Flarum\Http\Middleware\HandleErrors->process(Object(Laminas\Diactoros\ServerRequest), Object(Laminas\Stratigility\Next))
#44 D:\phpstudy_pro\WWW\bbs\vendor\laminas\laminas-stratigility\src\MiddlewarePipe.php(84): Laminas\Stratigility\Next->handle(Object(Laminas\Diactoros\ServerRequest))
#45 D:\phpstudy_pro\WWW\bbs\vendor\middlewares\request-handler\src\RequestHandler.php(84): Laminas\Stratigility\MiddlewarePipe->process(Object(Laminas\Diactoros\ServerRequest), Object(Laminas\Stratigility\Next))
#46 D:\phpstudy_pro\WWW\bbs\vendor\laminas\laminas-stratigility\src\Next.php(61): Middlewares\RequestHandler->process(Object(Laminas\Diactoros\ServerRequest), Object(Laminas\Stratigility\Next))
#47 D:\phpstudy_pro\WWW\bbs\vendor\middlewares\base-path-router\src\BasePathRouter.php(97): Laminas\Stratigility\Next->handle(Object(Laminas\Diactoros\ServerRequest))
#48 D:\phpstudy_pro\WWW\bbs\vendor\laminas\laminas-stratigility\src\Next.php(61): Middlewares\BasePathRouter->process(Object(Laminas\Diactoros\ServerRequest), Object(Laminas\Stratigility\Next))
#49 D:\phpstudy_pro\WWW\bbs\vendor\laminas\laminas-stratigility\src\Middleware\OriginalMessages.php(42): Laminas\Stratigility\Next->handle(Object(Laminas\Diactoros\ServerRequest))
#50 D:\phpstudy_pro\WWW\bbs\vendor\laminas\laminas-stratigility\src\Next.php(61): Laminas\Stratigility\Middleware\OriginalMessages->process(Object(Laminas\Diactoros\ServerRequest), Object(Laminas\Stratigility\Next))
#51 D:\phpstudy_pro\WWW\bbs\vendor\middlewares\base-path\src\BasePath.php(53): Laminas\Stratigility\Next->handle(Object(Laminas\Diactoros\ServerRequest))
#52 D:\phpstudy_pro\WWW\bbs\vendor\laminas\laminas-stratigility\src\Next.php(61): Middlewares\BasePath->process(Object(Laminas\Diactoros\ServerRequest), Object(Laminas\Stratigility\Next))
#53 D:\phpstudy_pro\WWW\bbs\vendor\laminas\laminas-stratigility\src\MiddlewarePipe.php(84): Laminas\Stratigility\Next->handle(Object(Laminas\Diactoros\ServerRequest))
#54 D:\phpstudy_pro\WWW\bbs\vendor\laminas\laminas-stratigility\src\MiddlewarePipe.php(73): Laminas\Stratigility\MiddlewarePipe->process(Object(Laminas\Diactoros\ServerRequest), Object(Laminas\Stratigility\EmptyPipelineHandler))
#55 D:\phpstudy_pro\WWW\bbs\vendor\laminas\laminas-httphandlerrunner\src\RequestHandlerRunner.php(96): Laminas\Stratigility\MiddlewarePipe->handle(Object(Laminas\Diactoros\ServerRequest))
#56 D:\phpstudy_pro\WWW\bbs\vendor\flarum\core\src\Http\Server.php(42): Laminas\HttpHandlerRunner\RequestHandlerRunner->run()
#57 D:\phpstudy_pro\WWW\bbs\public\index.php(26): Flarum\Http\Server->listen()
#58 {main}

Next Illuminate\Database\QueryException: SQLSTATE[42S02]: Base table or view not found: 1146 Table 'bbs.discussions' doesn't exist (SQL: select * from `discussions` where 0 = 1) in D:\phpstudy_pro\WWW\bbs\vendor\illuminate\database\Connection.php:664
Stack trace:
#0 D:\phpstudy_pro\WWW\bbs\vendor\illuminate\database\Connection.php(624): Illuminate\Database\Connection->runQueryCallback('select * from `...', Array, Object(Closure))
#1 D:\phpstudy_pro\WWW\bbs\vendor\illuminate\database\Connection.php(333): Illuminate\Database\Connection->run('select * from `...', Array, Object(Closure))
#2 D:\phpstudy_pro\WWW\bbs\vendor\illuminate\database\Query\Builder.php(2095): Illuminate\Database\Connection->select('select * from `...', Array, true)
#3 D:\phpstudy_pro\WWW\bbs\vendor\illuminate\database\Query\Builder.php(2083): Illuminate\Database\Query\Builder->runSelect()
#4 D:\phpstudy_pro\WWW\bbs\vendor\illuminate\database\Query\Builder.php(2569): Illuminate\Database\Query\Builder->Illuminate\Database\Query\{closure}()
#5 D:\phpstudy_pro\WWW\bbs\vendor\illuminate\database\Query\Builder.php(2084): Illuminate\Database\Query\Builder->onceWithColumns(Array, Object(Closure))
#6 D:\phpstudy_pro\WWW\bbs\vendor\illuminate\database\Eloquent\Builder.php(519): Illuminate\Database\Query\Builder->get(Array)
#7 D:\phpstudy_pro\WWW\bbs\vendor\illuminate\database\Eloquent\Builder.php(503): Illuminate\Database\Eloquent\Builder->getModels(Array)
#8 D:\phpstudy_pro\WWW\bbs\vendor\illuminate\database\Eloquent\Relations\Relation.php(155): Illuminate\Database\Eloquent\Builder->get(Array)
#9 D:\phpstudy_pro\WWW\bbs\vendor\illuminate\database\Eloquent\Relations\Relation.php(144): Illuminate\Database\Eloquent\Relations\Relation->get()
#10 D:\phpstudy_pro\WWW\bbs\vendor\illuminate\database\Eloquent\Builder.php(567): Illuminate\Database\Eloquent\Relations\Relation->getEager()
#11 D:\phpstudy_pro\WWW\bbs\vendor\illuminate\database\Eloquent\Builder.php(536): Illuminate\Database\Eloquent\Builder->eagerLoadRelation(Array, 'lastPostedDiscu...', Object(Closure))
#12 D:\phpstudy_pro\WWW\bbs\vendor\illuminate\database\Eloquent\Builder.php(504): Illuminate\Database\Eloquent\Builder->eagerLoadRelations(Array)
#13 D:\phpstudy_pro\WWW\bbs\vendor\flarum\tags\src\Listener\AddForumTagsRelationship.php(56): Illuminate\Database\Eloquent\Builder->get()
#14 D:\phpstudy_pro\WWW\bbs\vendor\illuminate\events\Dispatcher.php(360): Flarum\Tags\Listener\AddForumTagsRelationship->loadTagsRelationship(Object(Flarum\Api\Event\WillSerializeData))
#15 D:\phpstudy_pro\WWW\bbs\vendor\illuminate\events\Dispatcher.php(209): Illuminate\Events\Dispatcher->Illuminate\Events\{closure}('Flarum\\Api\\Even...', Array)
#16 D:\phpstudy_pro\WWW\bbs\vendor\flarum\core\src\Api\Controller\AbstractSerializeController.php(99): Illuminate\Events\Dispatcher->dispatch('Flarum\\Api\\Even...')
#17 D:\phpstudy_pro\WWW\bbs\vendor\flarum\core\src\Api\Client.php(72): Flarum\Api\Controller\AbstractSerializeController->handle(Object(Laminas\Diactoros\ServerRequest))
#18 D:\phpstudy_pro\WWW\bbs\vendor\flarum\core\src\Frontend\Frontend.php(72): Flarum\Api\Client->send(Object(Flarum\Api\Controller\ShowForumController), Object(Flarum\User\User))
#19 D:\phpstudy_pro\WWW\bbs\vendor\flarum\core\src\Frontend\Frontend.php(51): Flarum\Frontend\Frontend->getForumDocument(Object(Laminas\Diactoros\ServerRequest))
#20 D:\phpstudy_pro\WWW\bbs\vendor\flarum\core\src\Frontend\Controller.php(32): Flarum\Frontend\Frontend->document(Object(Laminas\Diactoros\ServerRequest))
#21 D:\phpstudy_pro\WWW\bbs\vendor\flarum\core\src\Http\RouteHandlerFactory.php(38): Flarum\Frontend\Controller->handle(Object(Laminas\Diactoros\ServerRequest))
#22 D:\phpstudy_pro\WWW\bbs\vendor\flarum\core\src\Http\Middleware\DispatchRoute.php(65): Flarum\Http\RouteHandlerFactory->Flarum\Http\{closure}(Object(Laminas\Diactoros\ServerRequest), Array)
#23 D:\phpstudy_pro\WWW\bbs\vendor\laminas\laminas-stratigility\src\Next.php(61): Flarum\Http\Middleware\DispatchRoute->process(Object(Laminas\Diactoros\ServerRequest), Object(Closure))
#24 D:\phpstudy_pro\WWW\bbs\vendor\flarum\core\src\Http\Middleware\ShareErrorsFromSession.php(57): Laminas\Stratigility\Next->handle(Object(Laminas\Diactoros\ServerRequest))
#25 D:\phpstudy_pro\WWW\bbs\vendor\laminas\laminas-stratigility\src\Next.php(61): Flarum\Http\Middleware\ShareErrorsFromSession->process(Object(Laminas\Diactoros\ServerRequest), Object(Laminas\Stratigility\Next))
#26 D:\phpstudy_pro\WWW\bbs\vendor\flarum\core\src\Http\Middleware\SetLocale.php(50): Laminas\Stratigility\Next->handle(Object(Laminas\Diactoros\ServerRequest))
#27 D:\phpstudy_pro\WWW\bbs\vendor\laminas\laminas-stratigility\src\Next.php(61): Flarum\Http\Middleware\SetLocale->process(Object(Laminas\Diactoros\ServerRequest), Object(Laminas\Stratigility\Next))
#28 D:\phpstudy_pro\WWW\bbs\vendor\flarum\core\src\Http\Middleware\CheckCsrfToken.php(37): Laminas\Stratigility\Next->handle(Object(Laminas\Diactoros\ServerRequest))
#29 D:\phpstudy_pro\WWW\bbs\vendor\laminas\laminas-stratigility\src\Next.php(61): Flarum\Http\Middleware\CheckCsrfToken->process(Object(Laminas\Diactoros\ServerRequest), Object(Laminas\Stratigility\Next))
#30 D:\phpstudy_pro\WWW\bbs\vendor\flarum\core\src\Http\Middleware\AuthenticateWithSession.php(32): Laminas\Stratigility\Next->handle(Object(Laminas\Diactoros\ServerRequest))
#31 D:\phpstudy_pro\WWW\bbs\vendor\laminas\laminas-stratigility\src\Next.php(61): Flarum\Http\Middleware\AuthenticateWithSession->process(Object(Laminas\Diactoros\ServerRequest), Object(Laminas\Stratigility\Next))
#32 D:\phpstudy_pro\WWW\bbs\vendor\flarum\core\src\Http\Middleware\RememberFromCookie.php(51): Laminas\Stratigility\Next->handle(Object(Laminas\Diactoros\ServerRequest))
#33 D:\phpstudy_pro\WWW\bbs\vendor\laminas\laminas-stratigility\src\Next.php(61): Flarum\Http\Middleware\RememberFromCookie->process(Object(Laminas\Diactoros\ServerRequest), Object(Laminas\Stratigility\Next))
#34 D:\phpstudy_pro\WWW\bbs\vendor\flarum\core\src\Http\Middleware\StartSession.php(61): Laminas\Stratigility\Next->handle(Object(Laminas\Diactoros\ServerRequest))
#35 D:\phpstudy_pro\WWW\bbs\vendor\laminas\laminas-stratigility\src\Next.php(61): Flarum\Http\Middleware\StartSession->process(Object(Laminas\Diactoros\ServerRequest), Object(Laminas\Stratigility\Next))
#36 D:\phpstudy_pro\WWW\bbs\vendor\flarum\core\src\Http\Middleware\CollectGarbage.php(46): Laminas\Stratigility\Next->handle(Object(Laminas\Diactoros\ServerRequest))
#37 D:\phpstudy_pro\WWW\bbs\vendor\laminas\laminas-stratigility\src\Next.php(61): Flarum\Http\Middleware\CollectGarbage->process(Object(Laminas\Diactoros\ServerRequest), Object(Laminas\Stratigility\Next))
#38 D:\phpstudy_pro\WWW\bbs\vendor\flarum\core\src\Http\Middleware\ParseJsonBody.php(28): Laminas\Stratigility\Next->handle(Object(Laminas\Diactoros\ServerRequest))
#39 D:\phpstudy_pro\WWW\bbs\vendor\laminas\laminas-stratigility\src\Next.php(61): Flarum\Http\Middleware\ParseJsonBody->process(Object(Laminas\Diactoros\ServerRequest), Object(Laminas\Stratigility\Next))
#40 D:\phpstudy_pro\WWW\bbs\vendor\flarum\core\src\Http\Middleware\HandleErrors.php(57): Laminas\Stratigility\Next->handle(Object(Laminas\Diactoros\ServerRequest))
#41 D:\phpstudy_pro\WWW\bbs\vendor\laminas\laminas-stratigility\src\Next.php(61): Flarum\Http\Middleware\HandleErrors->process(Object(Laminas\Diactoros\ServerRequest), Object(Laminas\Stratigility\Next))
#42 D:\phpstudy_pro\WWW\bbs\vendor\laminas\laminas-stratigility\src\MiddlewarePipe.php(84): Laminas\Stratigility\Next->handle(Object(Laminas\Diactoros\ServerRequest))
#43 D:\phpstudy_pro\WWW\bbs\vendor\middlewares\request-handler\src\RequestHandler.php(84): Laminas\Stratigility\MiddlewarePipe->process(Object(Laminas\Diactoros\ServerRequest), Object(Laminas\Stratigility\Next))
#44 D:\phpstudy_pro\WWW\bbs\vendor\laminas\laminas-stratigility\src\Next.php(61): Middlewares\RequestHandler->process(Object(Laminas\Diactoros\ServerRequest), Object(Laminas\Stratigility\Next))
#45 D:\phpstudy_pro\WWW\bbs\vendor\middlewares\base-path-router\src\BasePathRouter.php(97): Laminas\Stratigility\Next->handle(Object(Laminas\Diactoros\ServerRequest))
#46 D:\phpstudy_pro\WWW\bbs\vendor\laminas\laminas-stratigility\src\Next.php(61): Middlewares\BasePathRouter->process(Object(Laminas\Diactoros\ServerRequest), Object(Laminas\Stratigility\Next))
#47 D:\phpstudy_pro\WWW\bbs\vendor\laminas\laminas-stratigility\src\Middleware\OriginalMessages.php(42): Laminas\Stratigility\Next->handle(Object(Laminas\Diactoros\ServerRequest))
#48 D:\phpstudy_pro\WWW\bbs\vendor\laminas\laminas-stratigility\src\Next.php(61): Laminas\Stratigility\Middleware\OriginalMessages->process(Object(Laminas\Diactoros\ServerRequest), Object(Laminas\Stratigility\Next))
#49 D:\phpstudy_pro\WWW\bbs\vendor\middlewares\base-path\src\BasePath.php(53): Laminas\Stratigility\Next->handle(Object(Laminas\Diactoros\ServerRequest))
#50 D:\phpstudy_pro\WWW\bbs\vendor\laminas\laminas-stratigility\src\Next.php(61): Middlewares\BasePath->process(Object(Laminas\Diactoros\ServerRequest), Object(Laminas\Stratigility\Next))
#51 D:\phpstudy_pro\WWW\bbs\vendor\laminas\laminas-stratigility\src\MiddlewarePipe.php(84): Laminas\Stratigility\Next->handle(Object(Laminas\Diactoros\ServerRequest))
#52 D:\phpstudy_pro\WWW\bbs\vendor\laminas\laminas-stratigility\src\MiddlewarePipe.php(73): Laminas\Stratigility\MiddlewarePipe->process(Object(Laminas\Diactoros\ServerRequest), Object(Laminas\Stratigility\EmptyPipelineHandler))
#53 D:\phpstudy_pro\WWW\bbs\vendor\laminas\laminas-httphandlerrunner\src\RequestHandlerRunner.php(96): Laminas\Stratigility\MiddlewarePipe->handle(Object(Laminas\Diactoros\ServerRequest))
#54 D:\phpstudy_pro\WWW\bbs\vendor\flarum\core\src\Http\Server.php(42): Laminas\HttpHandlerRunner\RequestHandlerRunner->run()
#55 D:\phpstudy_pro\WWW\bbs\public\index.php(26): Flarum\Http\Server->listen()
#56 {main}  
[2020-07-21 10:48:40] production.ERROR: PDOException: SQLSTATE[42S02]: Base table or view not found: 1146 Table 'bbs.discussions' doesn't exist in D:\phpstudy_pro\WWW\bbs\vendor\doctrine\dbal\lib\Doctrine\DBAL\Driver\PDOConnection.php:64
Stack trace:
#0 D:\phpstudy_pro\WWW\bbs\vendor\doctrine\dbal\lib\Doctrine\DBAL\Driver\PDOConnection.php(64): PDO->prepare('select * from `...', Array)
#1 D:\phpstudy_pro\WWW\bbs\vendor\illuminate\database\Connection.php(326): Doctrine\DBAL\Driver\PDOConnection->prepare('select * from `...')
#2 D:\phpstudy_pro\WWW\bbs\vendor\illuminate\database\Connection.php(657): Illuminate\Database\Connection->Illuminate\Database\{closure}('select * from `...', Array)
#3 D:\phpstudy_pro\WWW\bbs\vendor\illuminate\database\Connection.php(624): Illuminate\Database\Connection->runQueryCallback('select * from `...', Array, Object(Closure))
#4 D:\phpstudy_pro\WWW\bbs\vendor\illuminate\database\Connection.php(333): Illuminate\Database\Connection->run('select * from `...', Array, Object(Closure))
#5 D:\phpstudy_pro\WWW\bbs\vendor\illuminate\database\Query\Builder.php(2095): Illuminate\Database\Connection->select('select * from `...', Array, true)
#6 D:\phpstudy_pro\WWW\bbs\vendor\illuminate\database\Query\Builder.php(2083): Illuminate\Database\Query\Builder->runSelect()
#7 D:\phpstudy_pro\WWW\bbs\vendor\illuminate\database\Query\Builder.php(2569): Illuminate\Database\Query\Builder->Illuminate\Database\Query\{closure}()
#8 D:\phpstudy_pro\WWW\bbs\vendor\illuminate\database\Query\Builder.php(2084): Illuminate\Database\Query\Builder->onceWithColumns(Array, Object(Closure))
#9 D:\phpstudy_pro\WWW\bbs\vendor\illuminate\database\Eloquent\Builder.php(519): Illuminate\Database\Query\Builder->get(Array)
#10 D:\phpstudy_pro\WWW\bbs\vendor\illuminate\database\Eloquent\Builder.php(503): Illuminate\Database\Eloquent\Builder->getModels(Array)
#11 D:\phpstudy_pro\WWW\bbs\vendor\illuminate\database\Eloquent\Relations\Relation.php(155): Illuminate\Database\Eloquent\Builder->get(Array)
#12 D:\phpstudy_pro\WWW\bbs\vendor\illuminate\database\Eloquent\Relations\Relation.php(144): Illuminate\Database\Eloquent\Relations\Relation->get()
#13 D:\phpstudy_pro\WWW\bbs\vendor\illuminate\database\Eloquent\Builder.php(567): Illuminate\Database\Eloquent\Relations\Relation->getEager()
#14 D:\phpstudy_pro\WWW\bbs\vendor\illuminate\database\Eloquent\Builder.php(536): Illuminate\Database\Eloquent\Builder->eagerLoadRelation(Array, 'lastPostedDiscu...', Object(Closure))
#15 D:\phpstudy_pro\WWW\bbs\vendor\illuminate\database\Eloquent\Builder.php(504): Illuminate\Database\Eloquent\Builder->eagerLoadRelations(Array)
#16 D:\phpstudy_pro\WWW\bbs\vendor\flarum\tags\src\Listener\AddForumTagsRelationship.php(56): Illuminate\Database\Eloquent\Builder->get()
#17 D:\phpstudy_pro\WWW\bbs\vendor\illuminate\events\Dispatcher.php(360): Flarum\Tags\Listener\AddForumTagsRelationship->loadTagsRelationship(Object(Flarum\Api\Event\WillSerializeData))
#18 D:\phpstudy_pro\WWW\bbs\vendor\illuminate\events\Dispatcher.php(209): Illuminate\Events\Dispatcher->Illuminate\Events\{closure}('Flarum\\Api\\Even...', Array)
#19 D:\phpstudy_pro\WWW\bbs\vendor\flarum\core\src\Api\Controller\AbstractSerializeController.php(99): Illuminate\Events\Dispatcher->dispatch('Flarum\\Api\\Even...')
#20 D:\phpstudy_pro\WWW\bbs\vendor\flarum\core\src\Api\Client.php(72): Flarum\Api\Controller\AbstractSerializeController->handle(Object(Laminas\Diactoros\ServerRequest))
#21 D:\phpstudy_pro\WWW\bbs\vendor\flarum\core\src\Frontend\Frontend.php(72): Flarum\Api\Client->send(Object(Flarum\Api\Controller\ShowForumController), Object(Flarum\User\User))
#22 D:\phpstudy_pro\WWW\bbs\vendor\flarum\core\src\Frontend\Frontend.php(51): Flarum\Frontend\Frontend->getForumDocument(Object(Laminas\Diactoros\ServerRequest))
#23 D:\phpstudy_pro\WWW\bbs\vendor\flarum\core\src\Frontend\Controller.php(32): Flarum\Frontend\Frontend->document(Object(Laminas\Diactoros\ServerRequest))
#24 D:\phpstudy_pro\WWW\bbs\vendor\flarum\core\src\Http\RouteHandlerFactory.php(38): Flarum\Frontend\Controller->handle(Object(Laminas\Diactoros\ServerRequest))
#25 D:\phpstudy_pro\WWW\bbs\vendor\flarum\core\src\Http\Middleware\DispatchRoute.php(65): Flarum\Http\RouteHandlerFactory->Flarum\Http\{closure}(Object(Laminas\Diactoros\ServerRequest), Array)
#26 D:\phpstudy_pro\WWW\bbs\vendor\laminas\laminas-stratigility\src\Next.php(61): Flarum\Http\Middleware\DispatchRoute->process(Object(Laminas\Diactoros\ServerRequest), Object(Closure))
#27 D:\phpstudy_pro\WWW\bbs\vendor\flarum\core\src\Http\Middleware\ShareErrorsFromSession.php(57): Laminas\Stratigility\Next->handle(Object(Laminas\Diactoros\ServerRequest))
#28 D:\phpstudy_pro\WWW\bbs\vendor\laminas\laminas-stratigility\src\Next.php(61): Flarum\Http\Middleware\ShareErrorsFromSession->process(Object(Laminas\Diactoros\ServerRequest), Object(Laminas\Stratigility\Next))
#29 D:\phpstudy_pro\WWW\bbs\vendor\flarum\core\src\Http\Middleware\SetLocale.php(50): Laminas\Stratigility\Next->handle(Object(Laminas\Diactoros\ServerRequest))
#30 D:\phpstudy_pro\WWW\bbs\vendor\laminas\laminas-stratigility\src\Next.php(61): Flarum\Http\Middleware\SetLocale->process(Object(Laminas\Diactoros\ServerRequest), Object(Laminas\Stratigility\Next))
#31 D:\phpstudy_pro\WWW\bbs\vendor\flarum\core\src\Http\Middleware\CheckCsrfToken.php(37): Laminas\Stratigility\Next->handle(Object(Laminas\Diactoros\ServerRequest))
#32 D:\phpstudy_pro\WWW\bbs\vendor\laminas\laminas-stratigility\src\Next.php(61): Flarum\Http\Middleware\CheckCsrfToken->process(Object(Laminas\Diactoros\ServerRequest), Object(Laminas\Stratigility\Next))
#33 D:\phpstudy_pro\WWW\bbs\vendor\flarum\core\src\Http\Middleware\AuthenticateWithSession.php(32): Laminas\Stratigility\Next->handle(Object(Laminas\Diactoros\ServerRequest))
#34 D:\phpstudy_pro\WWW\bbs\vendor\laminas\laminas-stratigility\src\Next.php(61): Flarum\Http\Middleware\AuthenticateWithSession->process(Object(Laminas\Diactoros\ServerRequest), Object(Laminas\Stratigility\Next))
#35 D:\phpstudy_pro\WWW\bbs\vendor\flarum\core\src\Http\Middleware\RememberFromCookie.php(51): Laminas\Stratigility\Next->handle(Object(Laminas\Diactoros\ServerRequest))
#36 D:\phpstudy_pro\WWW\bbs\vendor\laminas\laminas-stratigility\src\Next.php(61): Flarum\Http\Middleware\RememberFromCookie->process(Object(Laminas\Diactoros\ServerRequest), Object(Laminas\Stratigility\Next))
#37 D:\phpstudy_pro\WWW\bbs\vendor\flarum\core\src\Http\Middleware\StartSession.php(61): Laminas\Stratigility\Next->handle(Object(Laminas\Diactoros\ServerRequest))
#38 D:\phpstudy_pro\WWW\bbs\vendor\laminas\laminas-stratigility\src\Next.php(61): Flarum\Http\Middleware\StartSession->process(Object(Laminas\Diactoros\ServerRequest), Object(Laminas\Stratigility\Next))
#39 D:\phpstudy_pro\WWW\bbs\vendor\flarum\core\src\Http\Middleware\CollectGarbage.php(46): Laminas\Stratigility\Next->handle(Object(Laminas\Diactoros\ServerRequest))
#40 D:\phpstudy_pro\WWW\bbs\vendor\laminas\laminas-stratigility\src\Next.php(61): Flarum\Http\Middleware\CollectGarbage->process(Object(Laminas\Diactoros\ServerRequest), Object(Laminas\Stratigility\Next))
#41 D:\phpstudy_pro\WWW\bbs\vendor\flarum\core\src\Http\Middleware\ParseJsonBody.php(28): Laminas\Stratigility\Next->handle(Object(Laminas\Diactoros\ServerRequest))
#42 D:\phpstudy_pro\WWW\bbs\vendor\laminas\laminas-stratigility\src\Next.php(61): Flarum\Http\Middleware\ParseJsonBody->process(Object(Laminas\Diactoros\ServerRequest), Object(Laminas\Stratigility\Next))
#43 D:\phpstudy_pro\WWW\bbs\vendor\flarum\core\src\Http\Middleware\HandleErrors.php(57): Laminas\Stratigility\Next->handle(Object(Laminas\Diactoros\ServerRequest))
#44 D:\phpstudy_pro\WWW\bbs\vendor\laminas\laminas-stratigility\src\Next.php(61): Flarum\Http\Middleware\HandleErrors->process(Object(Laminas\Diactoros\ServerRequest), Object(Laminas\Stratigility\Next))
#45 D:\phpstudy_pro\WWW\bbs\vendor\laminas\laminas-stratigility\src\MiddlewarePipe.php(84): Laminas\Stratigility\Next->handle(Object(Laminas\Diactoros\ServerRequest))
#46 D:\phpstudy_pro\WWW\bbs\vendor\middlewares\request-handler\src\RequestHandler.php(84): Laminas\Stratigility\MiddlewarePipe->process(Object(Laminas\Diactoros\ServerRequest), Object(Laminas\Stratigility\Next))
#47 D:\phpstudy_pro\WWW\bbs\vendor\laminas\laminas-stratigility\src\Next.php(61): Middlewares\RequestHandler->process(Object(Laminas\Diactoros\ServerRequest), Object(Laminas\Stratigility\Next))
#48 D:\phpstudy_pro\WWW\bbs\vendor\middlewares\base-path-router\src\BasePathRouter.php(97): Laminas\Stratigility\Next->handle(Object(Laminas\Diactoros\ServerRequest))
#49 D:\phpstudy_pro\WWW\bbs\vendor\laminas\laminas-stratigility\src\Next.php(61): Middlewares\BasePathRouter->process(Object(Laminas\Diactoros\ServerRequest), Object(Laminas\Stratigility\Next))
#50 D:\phpstudy_pro\WWW\bbs\vendor\laminas\laminas-stratigility\src\Middleware\OriginalMessages.php(42): Laminas\Stratigility\Next->handle(Object(Laminas\Diactoros\ServerRequest))
#51 D:\phpstudy_pro\WWW\bbs\vendor\laminas\laminas-stratigility\src\Next.php(61): Laminas\Stratigility\Middleware\OriginalMessages->process(Object(Laminas\Diactoros\ServerRequest), Object(Laminas\Stratigility\Next))
#52 D:\phpstudy_pro\WWW\bbs\vendor\middlewares\base-path\src\BasePath.php(53): Laminas\Stratigility\Next->handle(Object(Laminas\Diactoros\ServerRequest))
#53 D:\phpstudy_pro\WWW\bbs\vendor\laminas\laminas-stratigility\src\Next.php(61): Middlewares\BasePath->process(Object(Laminas\Diactoros\ServerRequest), Object(Laminas\Stratigility\Next))
#54 D:\phpstudy_pro\WWW\bbs\vendor\laminas\laminas-stratigility\src\MiddlewarePipe.php(84): Laminas\Stratigility\Next->handle(Object(Laminas\Diactoros\ServerRequest))
#55 D:\phpstudy_pro\WWW\bbs\vendor\laminas\laminas-stratigility\src\MiddlewarePipe.php(73): Laminas\Stratigility\MiddlewarePipe->process(Object(Laminas\Diactoros\ServerRequest), Object(Laminas\Stratigility\EmptyPipelineHandler))
#56 D:\phpstudy_pro\WWW\bbs\vendor\laminas\laminas-httphandlerrunner\src\RequestHandlerRunner.php(96): Laminas\Stratigility\MiddlewarePipe->handle(Object(Laminas\Diactoros\ServerRequest))
#57 D:\phpstudy_pro\WWW\bbs\vendor\flarum\core\src\Http\Server.php(42): Laminas\HttpHandlerRunner\RequestHandlerRunner->run()
#58 D:\phpstudy_pro\WWW\bbs\public\index.php(26): Flarum\Http\Server->listen()
#59 {main}

Next Doctrine\DBAL\Driver\PDOException: SQLSTATE[42S02]: Base table or view not found: 1146 Table 'bbs.discussions' doesn't exist in D:\phpstudy_pro\WWW\bbs\vendor\doctrine\dbal\lib\Doctrine\DBAL\Driver\PDOConnection.php:66
Stack trace:
#0 D:\phpstudy_pro\WWW\bbs\vendor\illuminate\database\Connection.php(326): Doctrine\DBAL\Driver\PDOConnection->prepare('select * from `...')
#1 D:\phpstudy_pro\WWW\bbs\vendor\illuminate\database\Connection.php(657): Illuminate\Database\Connection->Illuminate\Database\{closure}('select * from `...', Array)
#2 D:\phpstudy_pro\WWW\bbs\vendor\illuminate\database\Connection.php(624): Illuminate\Database\Connection->runQueryCallback('select * from `...', Array, Object(Closure))
#3 D:\phpstudy_pro\WWW\bbs\vendor\illuminate\database\Connection.php(333): Illuminate\Database\Connection->run('select * from `...', Array, Object(Closure))
#4 D:\phpstudy_pro\WWW\bbs\vendor\illuminate\database\Query\Builder.php(2095): Illuminate\Database\Connection->select('select * from `...', Array, true)
#5 D:\phpstudy_pro\WWW\bbs\vendor\illuminate\database\Query\Builder.php(2083): Illuminate\Database\Query\Builder->runSelect()
#6 D:\phpstudy_pro\WWW\bbs\vendor\illuminate\database\Query\Builder.php(2569): Illuminate\Database\Query\Builder->Illuminate\Database\Query\{closure}()
#7 D:\phpstudy_pro\WWW\bbs\vendor\illuminate\database\Query\Builder.php(2084): Illuminate\Database\Query\Builder->onceWithColumns(Array, Object(Closure))
#8 D:\phpstudy_pro\WWW\bbs\vendor\illuminate\database\Eloquent\Builder.php(519): Illuminate\Database\Query\Builder->get(Array)
#9 D:\phpstudy_pro\WWW\bbs\vendor\illuminate\database\Eloquent\Builder.php(503): Illuminate\Database\Eloquent\Builder->getModels(Array)
#10 D:\phpstudy_pro\WWW\bbs\vendor\illuminate\database\Eloquent\Relations\Relation.php(155): Illuminate\Database\Eloquent\Builder->get(Array)
#11 D:\phpstudy_pro\WWW\bbs\vendor\illuminate\database\Eloquent\Relations\Relation.php(144): Illuminate\Database\Eloquent\Relations\Relation->get()
#12 D:\phpstudy_pro\WWW\bbs\vendor\illuminate\database\Eloquent\Builder.php(567): Illuminate\Database\Eloquent\Relations\Relation->getEager()
#13 D:\phpstudy_pro\WWW\bbs\vendor\illuminate\database\Eloquent\Builder.php(536): Illuminate\Database\Eloquent\Builder->eagerLoadRelation(Array, 'lastPostedDiscu...', Object(Closure))
#14 D:\phpstudy_pro\WWW\bbs\vendor\illuminate\database\Eloquent\Builder.php(504): Illuminate\Database\Eloquent\Builder->eagerLoadRelations(Array)
#15 D:\phpstudy_pro\WWW\bbs\vendor\flarum\tags\src\Listener\AddForumTagsRelationship.php(56): Illuminate\Database\Eloquent\Builder->get()
#16 D:\phpstudy_pro\WWW\bbs\vendor\illuminate\events\Dispatcher.php(360): Flarum\Tags\Listener\AddForumTagsRelationship->loadTagsRelationship(Object(Flarum\Api\Event\WillSerializeData))
#17 D:\phpstudy_pro\WWW\bbs\vendor\illuminate\events\Dispatcher.php(209): Illuminate\Events\Dispatcher->Illuminate\Events\{closure}('Flarum\\Api\\Even...', Array)
#18 D:\phpstudy_pro\WWW\bbs\vendor\flarum\core\src\Api\Controller\AbstractSerializeController.php(99): Illuminate\Events\Dispatcher->dispatch('Flarum\\Api\\Even...')
#19 D:\phpstudy_pro\WWW\bbs\vendor\flarum\core\src\Api\Client.php(72): Flarum\Api\Controller\AbstractSerializeController->handle(Object(Laminas\Diactoros\ServerRequest))
#20 D:\phpstudy_pro\WWW\bbs\vendor\flarum\core\src\Frontend\Frontend.php(72): Flarum\Api\Client->send(Object(Flarum\Api\Controller\ShowForumController), Object(Flarum\User\User))
#21 D:\phpstudy_pro\WWW\bbs\vendor\flarum\core\src\Frontend\Frontend.php(51): Flarum\Frontend\Frontend->getForumDocument(Object(Laminas\Diactoros\ServerRequest))
#22 D:\phpstudy_pro\WWW\bbs\vendor\flarum\core\src\Frontend\Controller.php(32): Flarum\Frontend\Frontend->document(Object(Laminas\Diactoros\ServerRequest))
#23 D:\phpstudy_pro\WWW\bbs\vendor\flarum\core\src\Http\RouteHandlerFactory.php(38): Flarum\Frontend\Controller->handle(Object(Laminas\Diactoros\ServerRequest))
#24 D:\phpstudy_pro\WWW\bbs\vendor\flarum\core\src\Http\Middleware\DispatchRoute.php(65): Flarum\Http\RouteHandlerFactory->Flarum\Http\{closure}(Object(Laminas\Diactoros\ServerRequest), Array)
#25 D:\phpstudy_pro\WWW\bbs\vendor\laminas\laminas-stratigility\src\Next.php(61): Flarum\Http\Middleware\DispatchRoute->process(Object(Laminas\Diactoros\ServerRequest), Object(Closure))
#26 D:\phpstudy_pro\WWW\bbs\vendor\flarum\core\src\Http\Middleware\ShareErrorsFromSession.php(57): Laminas\Stratigility\Next->handle(Object(Laminas\Diactoros\ServerRequest))
#27 D:\phpstudy_pro\WWW\bbs\vendor\laminas\laminas-stratigility\src\Next.php(61): Flarum\Http\Middleware\ShareErrorsFromSession->process(Object(Laminas\Diactoros\ServerRequest), Object(Laminas\Stratigility\Next))
#28 D:\phpstudy_pro\WWW\bbs\vendor\flarum\core\src\Http\Middleware\SetLocale.php(50): Laminas\Stratigility\Next->handle(Object(Laminas\Diactoros\ServerRequest))
#29 D:\phpstudy_pro\WWW\bbs\vendor\laminas\laminas-stratigility\src\Next.php(61): Flarum\Http\Middleware\SetLocale->process(Object(Laminas\Diactoros\ServerRequest), Object(Laminas\Stratigility\Next))
#30 D:\phpstudy_pro\WWW\bbs\vendor\flarum\core\src\Http\Middleware\CheckCsrfToken.php(37): Laminas\Stratigility\Next->handle(Object(Laminas\Diactoros\ServerRequest))
#31 D:\phpstudy_pro\WWW\bbs\vendor\laminas\laminas-stratigility\src\Next.php(61): Flarum\Http\Middleware\CheckCsrfToken->process(Object(Laminas\Diactoros\ServerRequest), Object(Laminas\Stratigility\Next))
#32 D:\phpstudy_pro\WWW\bbs\vendor\flarum\core\src\Http\Middleware\AuthenticateWithSession.php(32): Laminas\Stratigility\Next->handle(Object(Laminas\Diactoros\ServerRequest))
#33 D:\phpstudy_pro\WWW\bbs\vendor\laminas\laminas-stratigility\src\Next.php(61): Flarum\Http\Middleware\AuthenticateWithSession->process(Object(Laminas\Diactoros\ServerRequest), Object(Laminas\Stratigility\Next))
#34 D:\phpstudy_pro\WWW\bbs\vendor\flarum\core\src\Http\Middleware\RememberFromCookie.php(51): Laminas\Stratigility\Next->handle(Object(Laminas\Diactoros\ServerRequest))
#35 D:\phpstudy_pro\WWW\bbs\vendor\laminas\laminas-stratigility\src\Next.php(61): Flarum\Http\Middleware\RememberFromCookie->process(Object(Laminas\Diactoros\ServerRequest), Object(Laminas\Stratigility\Next))
#36 D:\phpstudy_pro\WWW\bbs\vendor\flarum\core\src\Http\Middleware\StartSession.php(61): Laminas\Stratigility\Next->handle(Object(Laminas\Diactoros\ServerRequest))
#37 D:\phpstudy_pro\WWW\bbs\vendor\laminas\laminas-stratigility\src\Next.php(61): Flarum\Http\Middleware\StartSession->process(Object(Laminas\Diactoros\ServerRequest), Object(Laminas\Stratigility\Next))
#38 D:\phpstudy_pro\WWW\bbs\vendor\flarum\core\src\Http\Middleware\CollectGarbage.php(46): Laminas\Stratigility\Next->handle(Object(Laminas\Diactoros\ServerRequest))
#39 D:\phpstudy_pro\WWW\bbs\vendor\laminas\laminas-stratigility\src\Next.php(61): Flarum\Http\Middleware\CollectGarbage->process(Object(Laminas\Diactoros\ServerRequest), Object(Laminas\Stratigility\Next))
#40 D:\phpstudy_pro\WWW\bbs\vendor\flarum\core\src\Http\Middleware\ParseJsonBody.php(28): Laminas\Stratigility\Next->handle(Object(Laminas\Diactoros\ServerRequest))
#41 D:\phpstudy_pro\WWW\bbs\vendor\laminas\laminas-stratigility\src\Next.php(61): Flarum\Http\Middleware\ParseJsonBody->process(Object(Laminas\Diactoros\ServerRequest), Object(Laminas\Stratigility\Next))
#42 D:\phpstudy_pro\WWW\bbs\vendor\flarum\core\src\Http\Middleware\HandleErrors.php(57): Laminas\Stratigility\Next->handle(Object(Laminas\Diactoros\ServerRequest))
#43 D:\phpstudy_pro\WWW\bbs\vendor\laminas\laminas-stratigility\src\Next.php(61): Flarum\Http\Middleware\HandleErrors->process(Object(Laminas\Diactoros\ServerRequest), Object(Laminas\Stratigility\Next))
#44 D:\phpstudy_pro\WWW\bbs\vendor\laminas\laminas-stratigility\src\MiddlewarePipe.php(84): Laminas\Stratigility\Next->handle(Object(Laminas\Diactoros\ServerRequest))
#45 D:\phpstudy_pro\WWW\bbs\vendor\middlewares\request-handler\src\RequestHandler.php(84): Laminas\Stratigility\MiddlewarePipe->process(Object(Laminas\Diactoros\ServerRequest), Object(Laminas\Stratigility\Next))
#46 D:\phpstudy_pro\WWW\bbs\vendor\laminas\laminas-stratigility\src\Next.php(61): Middlewares\RequestHandler->process(Object(Laminas\Diactoros\ServerRequest), Object(Laminas\Stratigility\Next))
#47 D:\phpstudy_pro\WWW\bbs\vendor\middlewares\base-path-router\src\BasePathRouter.php(97): Laminas\Stratigility\Next->handle(Object(Laminas\Diactoros\ServerRequest))
#48 D:\phpstudy_pro\WWW\bbs\vendor\laminas\laminas-stratigility\src\Next.php(61): Middlewares\BasePathRouter->process(Object(Laminas\Diactoros\ServerRequest), Object(Laminas\Stratigility\Next))
#49 D:\phpstudy_pro\WWW\bbs\vendor\laminas\laminas-stratigility\src\Middleware\OriginalMessages.php(42): Laminas\Stratigility\Next->handle(Object(Laminas\Diactoros\ServerRequest))
#50 D:\phpstudy_pro\WWW\bbs\vendor\laminas\laminas-stratigility\src\Next.php(61): Laminas\Stratigility\Middleware\OriginalMessages->process(Object(Laminas\Diactoros\ServerRequest), Object(Laminas\Stratigility\Next))
#51 D:\phpstudy_pro\WWW\bbs\vendor\middlewares\base-path\src\BasePath.php(53): Laminas\Stratigility\Next->handle(Object(Laminas\Diactoros\ServerRequest))
#52 D:\phpstudy_pro\WWW\bbs\vendor\laminas\laminas-stratigility\src\Next.php(61): Middlewares\BasePath->process(Object(Laminas\Diactoros\ServerRequest), Object(Laminas\Stratigility\Next))
#53 D:\phpstudy_pro\WWW\bbs\vendor\laminas\laminas-stratigility\src\MiddlewarePipe.php(84): Laminas\Stratigility\Next->handle(Object(Laminas\Diactoros\ServerRequest))
#54 D:\phpstudy_pro\WWW\bbs\vendor\laminas\laminas-stratigility\src\MiddlewarePipe.php(73): Laminas\Stratigility\MiddlewarePipe->process(Object(Laminas\Diactoros\ServerRequest), Object(Laminas\Stratigility\EmptyPipelineHandler))
#55 D:\phpstudy_pro\WWW\bbs\vendor\laminas\laminas-httphandlerrunner\src\RequestHandlerRunner.php(96): Laminas\Stratigility\MiddlewarePipe->handle(Object(Laminas\Diactoros\ServerRequest))
#56 D:\phpstudy_pro\WWW\bbs\vendor\flarum\core\src\Http\Server.php(42): Laminas\HttpHandlerRunner\RequestHandlerRunner->run()
#57 D:\phpstudy_pro\WWW\bbs\public\index.php(26): Flarum\Http\Server->listen()
#58 {main}

Next Illuminate\Database\QueryException: SQLSTATE[42S02]: Base table or view not found: 1146 Table 'bbs.discussions' doesn't exist (SQL: select * from `discussions` where 0 = 1) in D:\phpstudy_pro\WWW\bbs\vendor\illuminate\database\Connection.php:664
Stack trace:
#0 D:\phpstudy_pro\WWW\bbs\vendor\illuminate\database\Connection.php(624): Illuminate\Database\Connection->runQueryCallback('select * from `...', Array, Object(Closure))
#1 D:\phpstudy_pro\WWW\bbs\vendor\illuminate\database\Connection.php(333): Illuminate\Database\Connection->run('select * from `...', Array, Object(Closure))
#2 D:\phpstudy_pro\WWW\bbs\vendor\illuminate\database\Query\Builder.php(2095): Illuminate\Database\Connection->select('select * from `...', Array, true)
#3 D:\phpstudy_pro\WWW\bbs\vendor\illuminate\database\Query\Builder.php(2083): Illuminate\Database\Query\Builder->runSelect()
#4 D:\phpstudy_pro\WWW\bbs\vendor\illuminate\database\Query\Builder.php(2569): Illuminate\Database\Query\Builder->Illuminate\Database\Query\{closure}()
#5 D:\phpstudy_pro\WWW\bbs\vendor\illuminate\database\Query\Builder.php(2084): Illuminate\Database\Query\Builder->onceWithColumns(Array, Object(Closure))
#6 D:\phpstudy_pro\WWW\bbs\vendor\illuminate\database\Eloquent\Builder.php(519): Illuminate\Database\Query\Builder->get(Array)
#7 D:\phpstudy_pro\WWW\bbs\vendor\illuminate\database\Eloquent\Builder.php(503): Illuminate\Database\Eloquent\Builder->getModels(Array)
#8 D:\phpstudy_pro\WWW\bbs\vendor\illuminate\database\Eloquent\Relations\Relation.php(155): Illuminate\Database\Eloquent\Builder->get(Array)
#9 D:\phpstudy_pro\WWW\bbs\vendor\illuminate\database\Eloquent\Relations\Relation.php(144): Illuminate\Database\Eloquent\Relations\Relation->get()
#10 D:\phpstudy_pro\WWW\bbs\vendor\illuminate\database\Eloquent\Builder.php(567): Illuminate\Database\Eloquent\Relations\Relation->getEager()
#11 D:\phpstudy_pro\WWW\bbs\vendor\illuminate\database\Eloquent\Builder.php(536): Illuminate\Database\Eloquent\Builder->eagerLoadRelation(Array, 'lastPostedDiscu...', Object(Closure))
#12 D:\phpstudy_pro\WWW\bbs\vendor\illuminate\database\Eloquent\Builder.php(504): Illuminate\Database\Eloquent\Builder->eagerLoadRelations(Array)
#13 D:\phpstudy_pro\WWW\bbs\vendor\flarum\tags\src\Listener\AddForumTagsRelationship.php(56): Illuminate\Database\Eloquent\Builder->get()
#14 D:\phpstudy_pro\WWW\bbs\vendor\illuminate\events\Dispatcher.php(360): Flarum\Tags\Listener\AddForumTagsRelationship->loadTagsRelationship(Object(Flarum\Api\Event\WillSerializeData))
#15 D:\phpstudy_pro\WWW\bbs\vendor\illuminate\events\Dispatcher.php(209): Illuminate\Events\Dispatcher->Illuminate\Events\{closure}('Flarum\\Api\\Even...', Array)
#16 D:\phpstudy_pro\WWW\bbs\vendor\flarum\core\src\Api\Controller\AbstractSerializeController.php(99): Illuminate\Events\Dispatcher->dispatch('Flarum\\Api\\Even...')
#17 D:\phpstudy_pro\WWW\bbs\vendor\flarum\core\src\Api\Client.php(72): Flarum\Api\Controller\AbstractSerializeController->handle(Object(Laminas\Diactoros\ServerRequest))
#18 D:\phpstudy_pro\WWW\bbs\vendor\flarum\core\src\Frontend\Frontend.php(72): Flarum\Api\Client->send(Object(Flarum\Api\Controller\ShowForumController), Object(Flarum\User\User))
#19 D:\phpstudy_pro\WWW\bbs\vendor\flarum\core\src\Frontend\Frontend.php(51): Flarum\Frontend\Frontend->getForumDocument(Object(Laminas\Diactoros\ServerRequest))
#20 D:\phpstudy_pro\WWW\bbs\vendor\flarum\core\src\Frontend\Controller.php(32): Flarum\Frontend\Frontend->document(Object(Laminas\Diactoros\ServerRequest))
#21 D:\phpstudy_pro\WWW\bbs\vendor\flarum\core\src\Http\RouteHandlerFactory.php(38): Flarum\Frontend\Controller->handle(Object(Laminas\Diactoros\ServerRequest))
#22 D:\phpstudy_pro\WWW\bbs\vendor\flarum\core\src\Http\Middleware\DispatchRoute.php(65): Flarum\Http\RouteHandlerFactory->Flarum\Http\{closure}(Object(Laminas\Diactoros\ServerRequest), Array)
#23 D:\phpstudy_pro\WWW\bbs\vendor\laminas\laminas-stratigility\src\Next.php(61): Flarum\Http\Middleware\DispatchRoute->process(Object(Laminas\Diactoros\ServerRequest), Object(Closure))
#24 D:\phpstudy_pro\WWW\bbs\vendor\flarum\core\src\Http\Middleware\ShareErrorsFromSession.php(57): Laminas\Stratigility\Next->handle(Object(Laminas\Diactoros\ServerRequest))
#25 D:\phpstudy_pro\WWW\bbs\vendor\laminas\laminas-stratigility\src\Next.php(61): Flarum\Http\Middleware\ShareErrorsFromSession->process(Object(Laminas\Diactoros\ServerRequest), Object(Laminas\Stratigility\Next))
#26 D:\phpstudy_pro\WWW\bbs\vendor\flarum\core\src\Http\Middleware\SetLocale.php(50): Laminas\Stratigility\Next->handle(Object(Laminas\Diactoros\ServerRequest))
#27 D:\phpstudy_pro\WWW\bbs\vendor\laminas\laminas-stratigility\src\Next.php(61): Flarum\Http\Middleware\SetLocale->process(Object(Laminas\Diactoros\ServerRequest), Object(Laminas\Stratigility\Next))
#28 D:\phpstudy_pro\WWW\bbs\vendor\flarum\core\src\Http\Middleware\CheckCsrfToken.php(37): Laminas\Stratigility\Next->handle(Object(Laminas\Diactoros\ServerRequest))
#29 D:\phpstudy_pro\WWW\bbs\vendor\laminas\laminas-stratigility\src\Next.php(61): Flarum\Http\Middleware\CheckCsrfToken->process(Object(Laminas\Diactoros\ServerRequest), Object(Laminas\Stratigility\Next))
#30 D:\phpstudy_pro\WWW\bbs\vendor\flarum\core\src\Http\Middleware\AuthenticateWithSession.php(32): Laminas\Stratigility\Next->handle(Object(Laminas\Diactoros\ServerRequest))
#31 D:\phpstudy_pro\WWW\bbs\vendor\laminas\laminas-stratigility\src\Next.php(61): Flarum\Http\Middleware\AuthenticateWithSession->process(Object(Laminas\Diactoros\ServerRequest), Object(Laminas\Stratigility\Next))
#32 D:\phpstudy_pro\WWW\bbs\vendor\flarum\core\src\Http\Middleware\RememberFromCookie.php(51): Laminas\Stratigility\Next->handle(Object(Laminas\Diactoros\ServerRequest))
#33 D:\phpstudy_pro\WWW\bbs\vendor\laminas\laminas-stratigility\src\Next.php(61): Flarum\Http\Middleware\RememberFromCookie->process(Object(Laminas\Diactoros\ServerRequest), Object(Laminas\Stratigility\Next))
#34 D:\phpstudy_pro\WWW\bbs\vendor\flarum\core\src\Http\Middleware\StartSession.php(61): Laminas\Stratigility\Next->handle(Object(Laminas\Diactoros\ServerRequest))
#35 D:\phpstudy_pro\WWW\bbs\vendor\laminas\laminas-stratigility\src\Next.php(61): Flarum\Http\Middleware\StartSession->process(Object(Laminas\Diactoros\ServerRequest), Object(Laminas\Stratigility\Next))
#36 D:\phpstudy_pro\WWW\bbs\vendor\flarum\core\src\Http\Middleware\CollectGarbage.php(46): Laminas\Stratigility\Next->handle(Object(Laminas\Diactoros\ServerRequest))
#37 D:\phpstudy_pro\WWW\bbs\vendor\laminas\laminas-stratigility\src\Next.php(61): Flarum\Http\Middleware\CollectGarbage->process(Object(Laminas\Diactoros\ServerRequest), Object(Laminas\Stratigility\Next))
#38 D:\phpstudy_pro\WWW\bbs\vendor\flarum\core\src\Http\Middleware\ParseJsonBody.php(28): Laminas\Stratigility\Next->handle(Object(Laminas\Diactoros\ServerRequest))
#39 D:\phpstudy_pro\WWW\bbs\vendor\laminas\laminas-stratigility\src\Next.php(61): Flarum\Http\Middleware\ParseJsonBody->process(Object(Laminas\Diactoros\ServerRequest), Object(Laminas\Stratigility\Next))
#40 D:\phpstudy_pro\WWW\bbs\vendor\flarum\core\src\Http\Middleware\HandleErrors.php(57): Laminas\Stratigility\Next->handle(Object(Laminas\Diactoros\ServerRequest))
#41 D:\phpstudy_pro\WWW\bbs\vendor\laminas\laminas-stratigility\src\Next.php(61): Flarum\Http\Middleware\HandleErrors->process(Object(Laminas\Diactoros\ServerRequest), Object(Laminas\Stratigility\Next))
#42 D:\phpstudy_pro\WWW\bbs\vendor\laminas\laminas-stratigility\src\MiddlewarePipe.php(84): Laminas\Stratigility\Next->handle(Object(Laminas\Diactoros\ServerRequest))
#43 D:\phpstudy_pro\WWW\bbs\vendor\middlewares\request-handler\src\RequestHandler.php(84): Laminas\Stratigility\MiddlewarePipe->process(Object(Laminas\Diactoros\ServerRequest), Object(Laminas\Stratigility\Next))
#44 D:\phpstudy_pro\WWW\bbs\vendor\laminas\laminas-stratigility\src\Next.php(61): Middlewares\RequestHandler->process(Object(Laminas\Diactoros\ServerRequest), Object(Laminas\Stratigility\Next))
#45 D:\phpstudy_pro\WWW\bbs\vendor\middlewares\base-path-router\src\BasePathRouter.php(97): Laminas\Stratigility\Next->handle(Object(Laminas\Diactoros\ServerRequest))
#46 D:\phpstudy_pro\WWW\bbs\vendor\laminas\laminas-stratigility\src\Next.php(61): Middlewares\BasePathRouter->process(Object(Laminas\Diactoros\ServerRequest), Object(Laminas\Stratigility\Next))
#47 D:\phpstudy_pro\WWW\bbs\vendor\laminas\laminas-stratigility\src\Middleware\OriginalMessages.php(42): Laminas\Stratigility\Next->handle(Object(Laminas\Diactoros\ServerRequest))
#48 D:\phpstudy_pro\WWW\bbs\vendor\laminas\laminas-stratigility\src\Next.php(61): Laminas\Stratigility\Middleware\OriginalMessages->process(Object(Laminas\Diactoros\ServerRequest), Object(Laminas\Stratigility\Next))
#49 D:\phpstudy_pro\WWW\bbs\vendor\middlewares\base-path\src\BasePath.php(53): Laminas\Stratigility\Next->handle(Object(Laminas\Diactoros\ServerRequest))
#50 D:\phpstudy_pro\WWW\bbs\vendor\laminas\laminas-stratigility\src\Next.php(61): Middlewares\BasePath->process(Object(Laminas\Diactoros\ServerRequest), Object(Laminas\Stratigility\Next))
#51 D:\phpstudy_pro\WWW\bbs\vendor\laminas\laminas-stratigility\src\MiddlewarePipe.php(84): Laminas\Stratigility\Next->handle(Object(Laminas\Diactoros\ServerRequest))
#52 D:\phpstudy_pro\WWW\bbs\vendor\laminas\laminas-stratigility\src\MiddlewarePipe.php(73): Laminas\Stratigility\MiddlewarePipe->process(Object(Laminas\Diactoros\ServerRequest), Object(Laminas\Stratigility\EmptyPipelineHandler))
#53 D:\phpstudy_pro\WWW\bbs\vendor\laminas\laminas-httphandlerrunner\src\RequestHandlerRunner.php(96): Laminas\Stratigility\MiddlewarePipe->handle(Object(Laminas\Diactoros\ServerRequest))
#54 D:\phpstudy_pro\WWW\bbs\vendor\flarum\core\src\Http\Server.php(42): Laminas\HttpHandlerRunner\RequestHandlerRunner->run()
#55 D:\phpstudy_pro\WWW\bbs\public\index.php(26): Flarum\Http\Server->listen()
#56 {main}  
