[2020-07-22 02:05:58] production.ERROR: Swift_TransportException: Process could not be started [系统找不到指定的路径。
] in D:\phpstudy_pro\WWW\bbs\vendor\swiftmailer\swiftmailer\lib\classes\Swift\Transport\StreamBuffer.php:302
Stack trace:
#0 D:\phpstudy_pro\WWW\bbs\vendor\swiftmailer\swiftmailer\lib\classes\Swift\Transport\StreamBuffer.php(54): Swift_Transport_StreamBuffer->establishProcessConnection()
#1 D:\phpstudy_pro\WWW\bbs\vendor\swiftmailer\swiftmailer\lib\classes\Swift\Transport\AbstractSmtpTransport.php(143): Swift_Transport_StreamBuffer->initialize(Array)
#2 D:\phpstudy_pro\WWW\bbs\vendor\swiftmailer\swiftmailer\lib\classes\Swift\Transport\SendmailTransport.php(50): Swift_Transport_AbstractSmtpTransport->start()
#3 D:\phpstudy_pro\WWW\bbs\vendor\swiftmailer\swiftmailer\lib\classes\Swift\Mailer.php(65): Swift_Transport_SendmailTransport->start()
#4 D:\phpstudy_pro\WWW\bbs\vendor\illuminate\mail\Mailer.php(483): Swift_Mailer->send(Object(Swift_Message), Array)
#5 D:\phpstudy_pro\WWW\bbs\vendor\illuminate\mail\Mailer.php(259): Illuminate\Mail\Mailer->sendSwiftMessage(Object(Swift_Message))
#6 D:\phpstudy_pro\WWW\bbs\vendor\illuminate\mail\Mailer.php(183): Illuminate\Mail\Mailer->send(NULL, Array, Object(Closure))
#7 D:\phpstudy_pro\WWW\bbs\vendor\flarum\core\src\Mail\Job\SendRawEmailJob.php(34): Illuminate\Mail\Mailer->raw('\xE4\xBD\xA0\xE5\xA5\xBD\xEF\xBC\x8CAmy\xEF\xBC\x81...', Object(Closure))
#8 [internal function]: Flarum\Mail\Job\SendRawEmailJob->handle(Object(Illuminate\Mail\Mailer))
#9 D:\phpstudy_pro\WWW\bbs\vendor\illuminate\container\BoundMethod.php(29): call_user_func_array(Array, Array)
#10 D:\phpstudy_pro\WWW\bbs\vendor\illuminate\container\BoundMethod.php(87): Illuminate\Container\BoundMethod::Illuminate\Container\{closure}()
#11 D:\phpstudy_pro\WWW\bbs\vendor\illuminate\container\BoundMethod.php(31): Illuminate\Container\BoundMethod::callBoundMethod(Object(Flarum\Foundation\Application), Array, Object(Closure))
#12 D:\phpstudy_pro\WWW\bbs\vendor\illuminate\container\Container.php(572): Illuminate\Container\BoundMethod::call(Object(Flarum\Foundation\Application), Array, Array, NULL)
#13 D:\phpstudy_pro\WWW\bbs\vendor\illuminate\bus\Dispatcher.php(94): Illuminate\Container\Container->call(Array)
#14 D:\phpstudy_pro\WWW\bbs\vendor\illuminate\pipeline\Pipeline.php(128): Illuminate\Bus\Dispatcher->Illuminate\Bus\{closure}(Object(Flarum\Mail\Job\SendRawEmailJob))
#15 D:\phpstudy_pro\WWW\bbs\vendor\illuminate\pipeline\Pipeline.php(104): Illuminate\Pipeline\Pipeline->Illuminate\Pipeline\{closure}(Object(Flarum\Mail\Job\SendRawEmailJob))
#16 D:\phpstudy_pro\WWW\bbs\vendor\illuminate\bus\Dispatcher.php(98): Illuminate\Pipeline\Pipeline->then(Object(Closure))
#17 D:\phpstudy_pro\WWW\bbs\vendor\illuminate\queue\CallQueuedHandler.php(49): Illuminate\Bus\Dispatcher->dispatchNow(Object(Flarum\Mail\Job\SendRawEmailJob), false)
#18 D:\phpstudy_pro\WWW\bbs\vendor\illuminate\queue\Jobs\Job.php(83): Illuminate\Queue\CallQueuedHandler->call(Object(Illuminate\Queue\Jobs\SyncJob), Array)
#19 D:\phpstudy_pro\WWW\bbs\vendor\illuminate\queue\SyncQueue.php(42): Illuminate\Queue\Jobs\Job->fire()
#20 D:\phpstudy_pro\WWW\bbs\vendor\flarum\core\src\User\AccountActivationMailer.php(68): Illuminate\Queue\SyncQueue->push(Object(Flarum\Mail\Job\SendRawEmailJob))
#21 [internal function]: Flarum\User\AccountActivationMailer->handle(Object(Flarum\User\Event\Registered))
#22 D:\phpstudy_pro\WWW\bbs\vendor\illuminate\events\Dispatcher.php(379): call_user_func_array(Array, Array)
#23 D:\phpstudy_pro\WWW\bbs\vendor\illuminate\events\Dispatcher.php(209): Illuminate\Events\Dispatcher->Illuminate\Events\{closure}('Flarum\\User\\Eve...', Array)
#24 D:\phpstudy_pro\WWW\bbs\vendor\flarum\core\src\Foundation\DispatchEventsTrait.php(33): Illuminate\Events\Dispatcher->dispatch('Flarum\\User\\Eve...')
#25 D:\phpstudy_pro\WWW\bbs\vendor\flarum\core\src\User\Command\RegisterUserHandler.php(114): Flarum\User\Command\RegisterUserHandler->dispatchEventsFor(Object(Flarum\User\User), Object(Flarum\User\Guest))
#26 D:\phpstudy_pro\WWW\bbs\vendor\illuminate\bus\Dispatcher.php(90): Flarum\User\Command\RegisterUserHandler->handle(Object(Flarum\User\Command\RegisterUser))
#27 D:\phpstudy_pro\WWW\bbs\vendor\illuminate\pipeline\Pipeline.php(128): Illuminate\Bus\Dispatcher->Illuminate\Bus\{closure}(Object(Flarum\User\Command\RegisterUser))
#28 D:\phpstudy_pro\WWW\bbs\vendor\illuminate\pipeline\Pipeline.php(104): Illuminate\Pipeline\Pipeline->Illuminate\Pipeline\{closure}(Object(Flarum\User\Command\RegisterUser))
#29 D:\phpstudy_pro\WWW\bbs\vendor\illuminate\bus\Dispatcher.php(98): Illuminate\Pipeline\Pipeline->then(Object(Closure))
#30 D:\phpstudy_pro\WWW\bbs\vendor\illuminate\bus\Dispatcher.php(76): Illuminate\Bus\Dispatcher->dispatchNow(Object(Flarum\User\Command\RegisterUser))
#31 D:\phpstudy_pro\WWW\bbs\vendor\flarum\core\src\Api\Controller\CreateUserController.php(45): Illuminate\Bus\Dispatcher->dispatch(Object(Flarum\User\Command\RegisterUser))
#32 D:\phpstudy_pro\WWW\bbs\vendor\flarum\core\src\Api\Controller\AbstractSerializeController.php(96): Flarum\Api\Controller\CreateUserController->data(Object(Laminas\Diactoros\ServerRequest), Object(Tobscure\JsonApi\Document))
#33 D:\phpstudy_pro\WWW\bbs\vendor\flarum\core\src\Api\Controller\AbstractCreateController.php(22): Flarum\Api\Controller\AbstractSerializeController->handle(Object(Laminas\Diactoros\ServerRequest))
#34 D:\phpstudy_pro\WWW\bbs\vendor\flarum\core\src\Api\Client.php(72): Flarum\Api\Controller\AbstractCreateController->handle(Object(Laminas\Diactoros\ServerRequest))
#35 D:\phpstudy_pro\WWW\bbs\vendor\flarum\core\src\Forum\Controller\RegisterController.php(58): Flarum\Api\Client->send(Object(Flarum\Api\Controller\CreateUserController), Object(Flarum\User\Guest), Array, Array)
#36 D:\phpstudy_pro\WWW\bbs\vendor\flarum\core\src\Http\RouteHandlerFactory.php(38): Flarum\Forum\Controller\RegisterController->handle(Object(Laminas\Diactoros\ServerRequest))
#37 D:\phpstudy_pro\WWW\bbs\vendor\flarum\core\src\Http\Middleware\DispatchRoute.php(65): Flarum\Http\RouteHandlerFactory->Flarum\Http\{closure}(Object(Laminas\Diactoros\ServerRequest), Array)
#38 D:\phpstudy_pro\WWW\bbs\vendor\laminas\laminas-stratigility\src\Next.php(61): Flarum\Http\Middleware\DispatchRoute->process(Object(Laminas\Diactoros\ServerRequest), Object(Closure))
#39 D:\phpstudy_pro\WWW\bbs\vendor\flarum\core\src\Http\Middleware\ShareErrorsFromSession.php(57): Laminas\Stratigility\Next->handle(Object(Laminas\Diactoros\ServerRequest))
#40 D:\phpstudy_pro\WWW\bbs\vendor\laminas\laminas-stratigility\src\Next.php(61): Flarum\Http\Middleware\ShareErrorsFromSession->process(Object(Laminas\Diactoros\ServerRequest), Object(Laminas\Stratigility\Next))
#41 D:\phpstudy_pro\WWW\bbs\vendor\flarum\core\src\Http\Middleware\SetLocale.php(50): Laminas\Stratigility\Next->handle(Object(Laminas\Diactoros\ServerRequest))
#42 D:\phpstudy_pro\WWW\bbs\vendor\laminas\laminas-stratigility\src\Next.php(61): Flarum\Http\Middleware\SetLocale->process(Object(Laminas\Diactoros\ServerRequest), Object(Laminas\Stratigility\Next))
#43 D:\phpstudy_pro\WWW\bbs\vendor\flarum\core\src\Http\Middleware\CheckCsrfToken.php(45): Laminas\Stratigility\Next->handle(Object(Laminas\Diactoros\ServerRequest))
#44 D:\phpstudy_pro\WWW\bbs\vendor\laminas\laminas-stratigility\src\Next.php(61): Flarum\Http\Middleware\CheckCsrfToken->process(Object(Laminas\Diactoros\ServerRequest), Object(Laminas\Stratigility\Next))
#45 D:\phpstudy_pro\WWW\bbs\vendor\flarum\core\src\Http\Middleware\AuthenticateWithSession.php(32): Laminas\Stratigility\Next->handle(Object(Laminas\Diactoros\ServerRequest))
#46 D:\phpstudy_pro\WWW\bbs\vendor\laminas\laminas-stratigility\src\Next.php(61): Flarum\Http\Middleware\AuthenticateWithSession->process(Object(Laminas\Diactoros\ServerRequest), Object(Laminas\Stratigility\Next))
#47 D:\phpstudy_pro\WWW\bbs\vendor\flarum\core\src\Http\Middleware\RememberFromCookie.php(51): Laminas\Stratigility\Next->handle(Object(Laminas\Diactoros\ServerRequest))
#48 D:\phpstudy_pro\WWW\bbs\vendor\laminas\laminas-stratigility\src\Next.php(61): Flarum\Http\Middleware\RememberFromCookie->process(Object(Laminas\Diactoros\ServerRequest), Object(Laminas\Stratigility\Next))
#49 D:\phpstudy_pro\WWW\bbs\vendor\flarum\core\src\Http\Middleware\StartSession.php(61): Laminas\Stratigility\Next->handle(Object(Laminas\Diactoros\ServerRequest))
#50 D:\phpstudy_pro\WWW\bbs\vendor\laminas\laminas-stratigility\src\Next.php(61): Flarum\Http\Middleware\StartSession->process(Object(Laminas\Diactoros\ServerRequest), Object(Laminas\Stratigility\Next))
#51 D:\phpstudy_pro\WWW\bbs\vendor\flarum\core\src\Http\Middleware\CollectGarbage.php(46): Laminas\Stratigility\Next->handle(Object(Laminas\Diactoros\ServerRequest))
#52 D:\phpstudy_pro\WWW\bbs\vendor\laminas\laminas-stratigility\src\Next.php(61): Flarum\Http\Middleware\CollectGarbage->process(Object(Laminas\Diactoros\ServerRequest), Object(Laminas\Stratigility\Next))
#53 D:\phpstudy_pro\WWW\bbs\vendor\flarum\core\src\Http\Middleware\ParseJsonBody.php(28): Laminas\Stratigility\Next->handle(Object(Laminas\Diactoros\ServerRequest))
#54 D:\phpstudy_pro\WWW\bbs\vendor\laminas\laminas-stratigility\src\Next.php(61): Flarum\Http\Middleware\ParseJsonBody->process(Object(Laminas\Diactoros\ServerRequest), Object(Laminas\Stratigility\Next))
#55 D:\phpstudy_pro\WWW\bbs\vendor\flarum\core\src\Http\Middleware\HandleErrors.php(57): Laminas\Stratigility\Next->handle(Object(Laminas\Diactoros\ServerRequest))
#56 D:\phpstudy_pro\WWW\bbs\vendor\laminas\laminas-stratigility\src\Next.php(61): Flarum\Http\Middleware\HandleErrors->process(Object(Laminas\Diactoros\ServerRequest), Object(Laminas\Stratigility\Next))
#57 D:\phpstudy_pro\WWW\bbs\vendor\laminas\laminas-stratigility\src\MiddlewarePipe.php(84): Laminas\Stratigility\Next->handle(Object(Laminas\Diactoros\ServerRequest))
#58 D:\phpstudy_pro\WWW\bbs\vendor\middlewares\request-handler\src\RequestHandler.php(84): Laminas\Stratigility\MiddlewarePipe->process(Object(Laminas\Diactoros\ServerRequest), Object(Laminas\Stratigility\Next))
#59 D:\phpstudy_pro\WWW\bbs\vendor\laminas\laminas-stratigility\src\Next.php(61): Middlewares\RequestHandler->process(Object(Laminas\Diactoros\ServerRequest), Object(Laminas\Stratigility\Next))
#60 D:\phpstudy_pro\WWW\bbs\vendor\middlewares\base-path-router\src\BasePathRouter.php(97): Laminas\Stratigility\Next->handle(Object(Laminas\Diactoros\ServerRequest))
#61 D:\phpstudy_pro\WWW\bbs\vendor\laminas\laminas-stratigility\src\Next.php(61): Middlewares\BasePathRouter->process(Object(Laminas\Diactoros\ServerRequest), Object(Laminas\Stratigility\Next))
#62 D:\phpstudy_pro\WWW\bbs\vendor\laminas\laminas-stratigility\src\Middleware\OriginalMessages.php(42): Laminas\Stratigility\Next->handle(Object(Laminas\Diactoros\ServerRequest))
#63 D:\phpstudy_pro\WWW\bbs\vendor\laminas\laminas-stratigility\src\Next.php(61): Laminas\Stratigility\Middleware\OriginalMessages->process(Object(Laminas\Diactoros\ServerRequest), Object(Laminas\Stratigility\Next))
#64 D:\phpstudy_pro\WWW\bbs\vendor\middlewares\base-path\src\BasePath.php(53): Laminas\Stratigility\Next->handle(Object(Laminas\Diactoros\ServerRequest))
#65 D:\phpstudy_pro\WWW\bbs\vendor\laminas\laminas-stratigility\src\Next.php(61): Middlewares\BasePath->process(Object(Laminas\Diactoros\ServerRequest), Object(Laminas\Stratigility\Next))
#66 D:\phpstudy_pro\WWW\bbs\vendor\laminas\laminas-stratigility\src\MiddlewarePipe.php(84): Laminas\Stratigility\Next->handle(Object(Laminas\Diactoros\ServerRequest))
#67 D:\phpstudy_pro\WWW\bbs\vendor\laminas\laminas-stratigility\src\MiddlewarePipe.php(73): Laminas\Stratigility\MiddlewarePipe->process(Object(Laminas\Diactoros\ServerRequest), Object(Laminas\Stratigility\EmptyPipelineHandler))
#68 D:\phpstudy_pro\WWW\bbs\vendor\laminas\laminas-httphandlerrunner\src\RequestHandlerRunner.php(96): Laminas\Stratigility\MiddlewarePipe->handle(Object(Laminas\Diactoros\ServerRequest))
#69 D:\phpstudy_pro\WWW\bbs\vendor\flarum\core\src\Http\Server.php(42): Laminas\HttpHandlerRunner\RequestHandlerRunner->run()
#70 D:\phpstudy_pro\WWW\bbs\public\index.php(26): Flarum\Http\Server->listen()
#71 {main}  
[2020-07-22 02:05:58] production.ERROR: Swift_TransportException: Process could not be started [系统找不到指定的路径。
] in D:\phpstudy_pro\WWW\bbs\vendor\swiftmailer\swiftmailer\lib\classes\Swift\Transport\StreamBuffer.php:302
Stack trace:
#0 D:\phpstudy_pro\WWW\bbs\vendor\swiftmailer\swiftmailer\lib\classes\Swift\Transport\StreamBuffer.php(54): Swift_Transport_StreamBuffer->establishProcessConnection()
#1 D:\phpstudy_pro\WWW\bbs\vendor\swiftmailer\swiftmailer\lib\classes\Swift\Transport\AbstractSmtpTransport.php(143): Swift_Transport_StreamBuffer->initialize(Array)
#2 D:\phpstudy_pro\WWW\bbs\vendor\swiftmailer\swiftmailer\lib\classes\Swift\Transport\SendmailTransport.php(50): Swift_Transport_AbstractSmtpTransport->start()
#3 D:\phpstudy_pro\WWW\bbs\vendor\swiftmailer\swiftmailer\lib\classes\Swift\Mailer.php(65): Swift_Transport_SendmailTransport->start()
#4 D:\phpstudy_pro\WWW\bbs\vendor\illuminate\mail\Mailer.php(483): Swift_Mailer->send(Object(Swift_Message), Array)
#5 D:\phpstudy_pro\WWW\bbs\vendor\illuminate\mail\Mailer.php(259): Illuminate\Mail\Mailer->sendSwiftMessage(Object(Swift_Message))
#6 D:\phpstudy_pro\WWW\bbs\vendor\illuminate\mail\Mailer.php(183): Illuminate\Mail\Mailer->send(NULL, Array, Object(Closure))
#7 D:\phpstudy_pro\WWW\bbs\vendor\flarum\core\src\Mail\Job\SendRawEmailJob.php(34): Illuminate\Mail\Mailer->raw('\xE4\xBD\xA0\xE5\xA5\xBD\xEF\xBC\x8CAmy\xEF\xBC\x81...', Object(Closure))
#8 [internal function]: Flarum\Mail\Job\SendRawEmailJob->handle(Object(Illuminate\Mail\Mailer))
#9 D:\phpstudy_pro\WWW\bbs\vendor\illuminate\container\BoundMethod.php(29): call_user_func_array(Array, Array)
#10 D:\phpstudy_pro\WWW\bbs\vendor\illuminate\container\BoundMethod.php(87): Illuminate\Container\BoundMethod::Illuminate\Container\{closure}()
#11 D:\phpstudy_pro\WWW\bbs\vendor\illuminate\container\BoundMethod.php(31): Illuminate\Container\BoundMethod::callBoundMethod(Object(Flarum\Foundation\Application), Array, Object(Closure))
#12 D:\phpstudy_pro\WWW\bbs\vendor\illuminate\container\Container.php(572): Illuminate\Container\BoundMethod::call(Object(Flarum\Foundation\Application), Array, Array, NULL)
#13 D:\phpstudy_pro\WWW\bbs\vendor\illuminate\bus\Dispatcher.php(94): Illuminate\Container\Container->call(Array)
#14 D:\phpstudy_pro\WWW\bbs\vendor\illuminate\pipeline\Pipeline.php(128): Illuminate\Bus\Dispatcher->Illuminate\Bus\{closure}(Object(Flarum\Mail\Job\SendRawEmailJob))
#15 D:\phpstudy_pro\WWW\bbs\vendor\illuminate\pipeline\Pipeline.php(104): Illuminate\Pipeline\Pipeline->Illuminate\Pipeline\{closure}(Object(Flarum\Mail\Job\SendRawEmailJob))
#16 D:\phpstudy_pro\WWW\bbs\vendor\illuminate\bus\Dispatcher.php(98): Illuminate\Pipeline\Pipeline->then(Object(Closure))
#17 D:\phpstudy_pro\WWW\bbs\vendor\illuminate\queue\CallQueuedHandler.php(49): Illuminate\Bus\Dispatcher->dispatchNow(Object(Flarum\Mail\Job\SendRawEmailJob), false)
#18 D:\phpstudy_pro\WWW\bbs\vendor\illuminate\queue\Jobs\Job.php(83): Illuminate\Queue\CallQueuedHandler->call(Object(Illuminate\Queue\Jobs\SyncJob), Array)
#19 D:\phpstudy_pro\WWW\bbs\vendor\illuminate\queue\SyncQueue.php(42): Illuminate\Queue\Jobs\Job->fire()
#20 D:\phpstudy_pro\WWW\bbs\vendor\flarum\core\src\User\AccountActivationMailer.php(68): Illuminate\Queue\SyncQueue->push(Object(Flarum\Mail\Job\SendRawEmailJob))
#21 [internal function]: Flarum\User\AccountActivationMailer->handle(Object(Flarum\User\Event\Registered))
#22 D:\phpstudy_pro\WWW\bbs\vendor\illuminate\events\Dispatcher.php(379): call_user_func_array(Array, Array)
#23 D:\phpstudy_pro\WWW\bbs\vendor\illuminate\events\Dispatcher.php(209): Illuminate\Events\Dispatcher->Illuminate\Events\{closure}('Flarum\\User\\Eve...', Array)
#24 D:\phpstudy_pro\WWW\bbs\vendor\flarum\core\src\Foundation\DispatchEventsTrait.php(33): Illuminate\Events\Dispatcher->dispatch('Flarum\\User\\Eve...')
#25 D:\phpstudy_pro\WWW\bbs\vendor\flarum\core\src\User\Command\RegisterUserHandler.php(114): Flarum\User\Command\RegisterUserHandler->dispatchEventsFor(Object(Flarum\User\User), Object(Flarum\User\Guest))
#26 D:\phpstudy_pro\WWW\bbs\vendor\illuminate\bus\Dispatcher.php(90): Flarum\User\Command\RegisterUserHandler->handle(Object(Flarum\User\Command\RegisterUser))
#27 D:\phpstudy_pro\WWW\bbs\vendor\illuminate\pipeline\Pipeline.php(128): Illuminate\Bus\Dispatcher->Illuminate\Bus\{closure}(Object(Flarum\User\Command\RegisterUser))
#28 D:\phpstudy_pro\WWW\bbs\vendor\illuminate\pipeline\Pipeline.php(104): Illuminate\Pipeline\Pipeline->Illuminate\Pipeline\{closure}(Object(Flarum\User\Command\RegisterUser))
#29 D:\phpstudy_pro\WWW\bbs\vendor\illuminate\bus\Dispatcher.php(98): Illuminate\Pipeline\Pipeline->then(Object(Closure))
#30 D:\phpstudy_pro\WWW\bbs\vendor\illuminate\bus\Dispatcher.php(76): Illuminate\Bus\Dispatcher->dispatchNow(Object(Flarum\User\Command\RegisterUser))
#31 D:\phpstudy_pro\WWW\bbs\vendor\flarum\core\src\Api\Controller\CreateUserController.php(45): Illuminate\Bus\Dispatcher->dispatch(Object(Flarum\User\Command\RegisterUser))
#32 D:\phpstudy_pro\WWW\bbs\vendor\flarum\core\src\Api\Controller\AbstractSerializeController.php(96): Flarum\Api\Controller\CreateUserController->data(Object(Laminas\Diactoros\ServerRequest), Object(Tobscure\JsonApi\Document))
#33 D:\phpstudy_pro\WWW\bbs\vendor\flarum\core\src\Api\Controller\AbstractCreateController.php(22): Flarum\Api\Controller\AbstractSerializeController->handle(Object(Laminas\Diactoros\ServerRequest))
#34 D:\phpstudy_pro\WWW\bbs\vendor\flarum\core\src\Api\Client.php(72): Flarum\Api\Controller\AbstractCreateController->handle(Object(Laminas\Diactoros\ServerRequest))
#35 D:\phpstudy_pro\WWW\bbs\vendor\flarum\core\src\Forum\Controller\RegisterController.php(58): Flarum\Api\Client->send(Object(Flarum\Api\Controller\CreateUserController), Object(Flarum\User\Guest), Array, Array)
#36 D:\phpstudy_pro\WWW\bbs\vendor\flarum\core\src\Http\RouteHandlerFactory.php(38): Flarum\Forum\Controller\RegisterController->handle(Object(Laminas\Diactoros\ServerRequest))
#37 D:\phpstudy_pro\WWW\bbs\vendor\flarum\core\src\Http\Middleware\DispatchRoute.php(65): Flarum\Http\RouteHandlerFactory->Flarum\Http\{closure}(Object(Laminas\Diactoros\ServerRequest), Array)
#38 D:\phpstudy_pro\WWW\bbs\vendor\laminas\laminas-stratigility\src\Next.php(61): Flarum\Http\Middleware\DispatchRoute->process(Object(Laminas\Diactoros\ServerRequest), Object(Closure))
#39 D:\phpstudy_pro\WWW\bbs\vendor\flarum\core\src\Http\Middleware\ShareErrorsFromSession.php(57): Laminas\Stratigility\Next->handle(Object(Laminas\Diactoros\ServerRequest))
#40 D:\phpstudy_pro\WWW\bbs\vendor\laminas\laminas-stratigility\src\Next.php(61): Flarum\Http\Middleware\ShareErrorsFromSession->process(Object(Laminas\Diactoros\ServerRequest), Object(Laminas\Stratigility\Next))
#41 D:\phpstudy_pro\WWW\bbs\vendor\flarum\core\src\Http\Middleware\SetLocale.php(50): Laminas\Stratigility\Next->handle(Object(Laminas\Diactoros\ServerRequest))
#42 D:\phpstudy_pro\WWW\bbs\vendor\laminas\laminas-stratigility\src\Next.php(61): Flarum\Http\Middleware\SetLocale->process(Object(Laminas\Diactoros\ServerRequest), Object(Laminas\Stratigility\Next))
#43 D:\phpstudy_pro\WWW\bbs\vendor\flarum\core\src\Http\Middleware\CheckCsrfToken.php(45): Laminas\Stratigility\Next->handle(Object(Laminas\Diactoros\ServerRequest))
#44 D:\phpstudy_pro\WWW\bbs\vendor\laminas\laminas-stratigility\src\Next.php(61): Flarum\Http\Middleware\CheckCsrfToken->process(Object(Laminas\Diactoros\ServerRequest), Object(Laminas\Stratigility\Next))
#45 D:\phpstudy_pro\WWW\bbs\vendor\flarum\core\src\Http\Middleware\AuthenticateWithSession.php(32): Laminas\Stratigility\Next->handle(Object(Laminas\Diactoros\ServerRequest))
#46 D:\phpstudy_pro\WWW\bbs\vendor\laminas\laminas-stratigility\src\Next.php(61): Flarum\Http\Middleware\AuthenticateWithSession->process(Object(Laminas\Diactoros\ServerRequest), Object(Laminas\Stratigility\Next))
#47 D:\phpstudy_pro\WWW\bbs\vendor\flarum\core\src\Http\Middleware\RememberFromCookie.php(51): Laminas\Stratigility\Next->handle(Object(Laminas\Diactoros\ServerRequest))
#48 D:\phpstudy_pro\WWW\bbs\vendor\laminas\laminas-stratigility\src\Next.php(61): Flarum\Http\Middleware\RememberFromCookie->process(Object(Laminas\Diactoros\ServerRequest), Object(Laminas\Stratigility\Next))
#49 D:\phpstudy_pro\WWW\bbs\vendor\flarum\core\src\Http\Middleware\StartSession.php(61): Laminas\Stratigility\Next->handle(Object(Laminas\Diactoros\ServerRequest))
#50 D:\phpstudy_pro\WWW\bbs\vendor\laminas\laminas-stratigility\src\Next.php(61): Flarum\Http\Middleware\StartSession->process(Object(Laminas\Diactoros\ServerRequest), Object(Laminas\Stratigility\Next))
#51 D:\phpstudy_pro\WWW\bbs\vendor\flarum\core\src\Http\Middleware\CollectGarbage.php(46): Laminas\Stratigility\Next->handle(Object(Laminas\Diactoros\ServerRequest))
#52 D:\phpstudy_pro\WWW\bbs\vendor\laminas\laminas-stratigility\src\Next.php(61): Flarum\Http\Middleware\CollectGarbage->process(Object(Laminas\Diactoros\ServerRequest), Object(Laminas\Stratigility\Next))
#53 D:\phpstudy_pro\WWW\bbs\vendor\flarum\core\src\Http\Middleware\ParseJsonBody.php(28): Laminas\Stratigility\Next->handle(Object(Laminas\Diactoros\ServerRequest))
#54 D:\phpstudy_pro\WWW\bbs\vendor\laminas\laminas-stratigility\src\Next.php(61): Flarum\Http\Middleware\ParseJsonBody->process(Object(Laminas\Diactoros\ServerRequest), Object(Laminas\Stratigility\Next))
#55 D:\phpstudy_pro\WWW\bbs\vendor\flarum\core\src\Http\Middleware\HandleErrors.php(57): Laminas\Stratigility\Next->handle(Object(Laminas\Diactoros\ServerRequest))
#56 D:\phpstudy_pro\WWW\bbs\vendor\laminas\laminas-stratigility\src\Next.php(61): Flarum\Http\Middleware\HandleErrors->process(Object(Laminas\Diactoros\ServerRequest), Object(Laminas\Stratigility\Next))
#57 D:\phpstudy_pro\WWW\bbs\vendor\laminas\laminas-stratigility\src\MiddlewarePipe.php(84): Laminas\Stratigility\Next->handle(Object(Laminas\Diactoros\ServerRequest))
#58 D:\phpstudy_pro\WWW\bbs\vendor\middlewares\request-handler\src\RequestHandler.php(84): Laminas\Stratigility\MiddlewarePipe->process(Object(Laminas\Diactoros\ServerRequest), Object(Laminas\Stratigility\Next))
#59 D:\phpstudy_pro\WWW\bbs\vendor\laminas\laminas-stratigility\src\Next.php(61): Middlewares\RequestHandler->process(Object(Laminas\Diactoros\ServerRequest), Object(Laminas\Stratigility\Next))
#60 D:\phpstudy_pro\WWW\bbs\vendor\middlewares\base-path-router\src\BasePathRouter.php(97): Laminas\Stratigility\Next->handle(Object(Laminas\Diactoros\ServerRequest))
#61 D:\phpstudy_pro\WWW\bbs\vendor\laminas\laminas-stratigility\src\Next.php(61): Middlewares\BasePathRouter->process(Object(Laminas\Diactoros\ServerRequest), Object(Laminas\Stratigility\Next))
#62 D:\phpstudy_pro\WWW\bbs\vendor\laminas\laminas-stratigility\src\Middleware\OriginalMessages.php(42): Laminas\Stratigility\Next->handle(Object(Laminas\Diactoros\ServerRequest))
#63 D:\phpstudy_pro\WWW\bbs\vendor\laminas\laminas-stratigility\src\Next.php(61): Laminas\Stratigility\Middleware\OriginalMessages->process(Object(Laminas\Diactoros\ServerRequest), Object(Laminas\Stratigility\Next))
#64 D:\phpstudy_pro\WWW\bbs\vendor\middlewares\base-path\src\BasePath.php(53): Laminas\Stratigility\Next->handle(Object(Laminas\Diactoros\ServerRequest))
#65 D:\phpstudy_pro\WWW\bbs\vendor\laminas\laminas-stratigility\src\Next.php(61): Middlewares\BasePath->process(Object(Laminas\Diactoros\ServerRequest), Object(Laminas\Stratigility\Next))
#66 D:\phpstudy_pro\WWW\bbs\vendor\laminas\laminas-stratigility\src\MiddlewarePipe.php(84): Laminas\Stratigility\Next->handle(Object(Laminas\Diactoros\ServerRequest))
#67 D:\phpstudy_pro\WWW\bbs\vendor\laminas\laminas-stratigility\src\MiddlewarePipe.php(73): Laminas\Stratigility\MiddlewarePipe->process(Object(Laminas\Diactoros\ServerRequest), Object(Laminas\Stratigility\EmptyPipelineHandler))
#68 D:\phpstudy_pro\WWW\bbs\vendor\laminas\laminas-httphandlerrunner\src\RequestHandlerRunner.php(96): Laminas\Stratigility\MiddlewarePipe->handle(Object(Laminas\Diactoros\ServerRequest))
#69 D:\phpstudy_pro\WWW\bbs\vendor\flarum\core\src\Http\Server.php(42): Laminas\HttpHandlerRunner\RequestHandlerRunner->run()
#70 D:\phpstudy_pro\WWW\bbs\public\index.php(26): Flarum\Http\Server->listen()
#71 {main}  
